This is pdfTeX, Version 3.1415926-2.5-1.40.14 (MiKTeX 2.9) (preloaded format=pdflatex 2016.5.7)  29 MAY 2016 17:27
entering extended mode
**masterproef.tex
(C:\Users\Elias\Documents\GitHub\Thesis\Tekst\masterproef.tex
LaTeX2e <2011/06/27>
Babel <v3.8m> and hyphenation patterns for english, afrikaans, ancientgreek, ar
abic, armenian, assamese, basque, bengali, bokmal, bulgarian, catalan, coptic, 
croatian, czech, danish, dutch, esperanto, estonian, farsi, finnish, french, ga
lician, german, german-x-2013-05-26, greek, gujarati, hindi, hungarian, iceland
ic, indonesian, interlingua, irish, italian, kannada, kurmanji, latin, latvian,
 lithuanian, malayalam, marathi, mongolian, mongolianlmc, monogreek, ngerman, n
german-x-2013-05-26, nynorsk, oriya, panjabi, pinyin, polish, portuguese, roman
ian, russian, sanskrit, serbian, slovak, slovenian, spanish, swedish, swissgerm
an, tamil, telugu, turkish, turkmen, ukenglish, ukrainian, uppersorbian, usengl
ishmax, welsh, loaded.
("C:\Program Files\KUL_Tex\tex\latex\kulemt\kulemt.cls"
Document Class: kulemt 2015/05/25 v1.8 KU Leuven engineering master thesis docu
ment class
("C:\Program Files (x86)\MiKTeX 2.9\tex\latex\graphics\keyval.sty"
Package: keyval 1999/03/16 v1.13 key=value parser (DPC)
\KV@toks@=\toks14
)
\kulemt@bind=\dimen102

("C:\Program Files (x86)\MiKTeX 2.9\tex\latex\base\inputenc.sty"
Package: inputenc 2008/03/30 v1.1d Input encoding file
\inpenc@prehook=\toks15
\inpenc@posthook=\toks16

("C:\Program Files (x86)\MiKTeX 2.9\tex\latex\base\ascii.def"
File: ascii.def 2008/03/30 v1.1d Input encoding file
))
\kulemt@facnum=\count79

("C:\Program Files\KUL_Tex\tex\latex\kulemt\kulemt.cfg"
File: kulemt.cfg 2013/05/01
)
(C:\Users\Elias\AppData\Roaming\MiKTeX\2.9\tex\latex\memoir\memoir.cls
Document Class: memoir 2015/07/08 v3.7e configurable book, report, article docu
ment class
\onelineskip=\skip41
\lxvchars=\skip42
\xlvchars=\skip43
\@memcnta=\count80
\c@@memmarkcntra=\count81
\l@nohyphenation=\language69
("C:\Program Files (x86)\MiKTeX 2.9\tex\generic\oberdiek\ifpdf.sty"
Package: ifpdf 2011/01/30 v2.3 Provides the ifpdf switch (HO)
Package ifpdf Info: pdfTeX in PDF mode is detected.
)
("C:\Program Files (x86)\MiKTeX 2.9\tex\latex\ifetex\ifetex.sty"
Package: ifetex 2011/12/15 v1.2 ifetex

("C:\Program Files (x86)\MiKTeX 2.9\tex\plain\ifetex\ifetex.tex"))
("C:\Program Files (x86)\MiKTeX 2.9\tex\generic\ifxetex\ifxetex.sty"
Package: ifxetex 2010/09/12 v0.6 Provides ifxetex conditional
)
("C:\Program Files (x86)\MiKTeX 2.9\tex\generic\oberdiek\ifluatex.sty"
Package: ifluatex 2010/03/01 v1.3 Provides the ifluatex switch (HO)
Package ifluatex Info: LuaTeX not detected.
)
\stockheight=\skip44
\stockwidth=\skip45
\trimtop=\skip46
\trimedge=\skip47

("C:\Program Files (x86)\MiKTeX 2.9\tex\latex\misc\etex.sty"
Package: etex 1998/03/26 v2.0 eTeX basic definition package (PEB)
\et@xins=\count82
)
(C:\Users\Elias\AppData\Roaming\MiKTeX\2.9\tex\latex\memoir\mem11.clo
File: mem11.clo 2008/01/30 v0.3 memoir class 11pt size option
)
\binding=\skip48
\spinemargin=\skip49
\foremargin=\skip50
\uppermargin=\skip51
\lowermargin=\skip52
\headdrop=\skip53
\normalrulethickness=\skip54
\mem@maxheadheight=\skip55
\mem@maxfootheight=\skip56
\headwidth=\skip57
\c@storedpagenumber=\count83
\memPD=\dimen103
\m@mabparskip=\skip58
\thanksmarkwidth=\skip59
\thanksmarksep=\skip60
\droptitle=\skip61
\c@book=\count84
\c@part=\count85
\c@chapter=\count86
\c@section=\count87
\c@subsection=\count88
\c@subsubsection=\count89
\c@paragraph=\count90
\c@subparagraph=\count91
\beforechapskip=\skip62
\midchapskip=\skip63
\afterchapskip=\skip64
\chapindent=\skip65
\bottomsectionskip=\skip66
\secindent=\skip67
\beforesecskip=\skip68
\aftersecskip=\skip69
\subsecindent=\skip70
\beforesubsecskip=\skip71
\aftersubsecskip=\skip72
\subsubsecindent=\skip73
\beforesubsubsecskip=\skip74
\aftersubsubsecskip=\skip75
\paraindent=\skip76
\beforeparaskip=\skip77
\afterparaskip=\skip78
\subparaindent=\skip79
\beforesubparaskip=\skip80
\aftersubparaskip=\skip81
\pfbreakskip=\skip82
\c@@ppsavesec=\count92
\c@@ppsaveapp=\count93
\ragrparindent=\dimen104
\everylistparindent=\dimen105
\parsepi=\skip83
\topsepi=\skip84
\itemsepi=\skip85
\parsepii=\skip86
\topsepii=\skip87
\topsepiii=\skip88
\itemsepii=\skip89
\itemsepiii=\skip90
\partopsepii=\skip91
\partopsepiii=\skip92
\m@msavetopsep=\skip93
\m@msavepartopsep=\skip94
\@enLab=\toks17
\abstitleskip=\skip95
\absleftindent=\skip96
\abs@leftindent=\dimen106
\absrightindent=\skip97
\absparindent=\skip98
\absparsep=\skip99
\c@vslineno=\count94
\c@poemline=\count95
\c@modulo@vs=\count96
\c@memfvsline=\count97
\vleftskip=\skip100
\vrightskip=\skip101
\stanzaskip=\skip102
\versewidth=\skip103
\vgap=\skip104
\vindent=\skip105
\vleftmargin=\dimen107
\c@verse=\count98
\c@chrsinstr=\count99
\beforepoemtitleskip=\skip106
\afterpoemtitleskip=\skip107
\c@poem=\count100
\beforePoemTitleskip=\skip108
\midPoemTitleskip=\skip109
\afterPoemTitleskip=\skip110
\col@sep=\dimen108
\extrarowheight=\dimen109
\NC@list=\toks18
\extratabsurround=\skip111
\backup@length=\skip112
\TX@col@width=\dimen110
\TX@old@table=\dimen111
\TX@old@col=\dimen112
\TX@target=\dimen113
\TX@delta=\dimen114
\TX@cols=\count101
\TX@ftn=\toks19
\heavyrulewidth=\dimen115
\lightrulewidth=\dimen116
\cmidrulewidth=\dimen117
\belowrulesep=\dimen118
\belowbottomsep=\dimen119
\aboverulesep=\dimen120
\abovetopsep=\dimen121
\cmidrulesep=\dimen122
\cmidrulekern=\dimen123
\defaultaddspace=\dimen124
\@cmidla=\count102
\@cmidlb=\count103
\@aboverulesep=\dimen125
\@belowrulesep=\dimen126
\@thisruleclass=\count104
\@lastruleclass=\count105
\@thisrulewidth=\dimen127
\ctableftskip=\skip113
\ctabrightskip=\skip114
\abovecolumnspenalty=\count106
\@linestogo=\count107
\@cellstogo=\count108
\@cellsincolumn=\count109
\crtok=\toks20
\@mincolumnwidth=\dimen128
\c@newflo@tctr=\count110
\mem@margin@floatbox=\box26
\@contcwidth=\skip115
\@contindw=\skip116
\abovecaptionskip=\skip117
\belowcaptionskip=\skip118
\subfloattopskip=\skip119
\subfloatcapskip=\skip120
\subfloatcaptopadj=\skip121
\subfloatbottomskip=\skip122
\subfloatlabelskip=\skip123
\subfloatcapmargin=\dimen129
\c@@contsubnum=\count111
\m@mscap@capbox=\box27
\m@mscap@fbox=\box28
\sidecapsep=\dimen130
\sidecapwidth=\dimen131
\m@m@tempdima=\dimen132
\m@mscapraise=\dimen133
\sidecapraise=\dimen134
\m@mscapmainwidth=\dimen135
\m@mscaplkern=\dimen136
\beforeepigraphskip=\skip124
\afterepigraphskip=\skip125
\epigraphwidth=\skip126
\epigraphrule=\skip127
LaTeX Info: Redefining \em on input line 7535.
LaTeX Info: Redefining \emph on input line 7543.
\tocentryskip=\skip128
\tocbaseline=\skip129
\cftparskip=\skip130
\cftbeforebookskip=\skip131
\cftbookindent=\dimen137
\cftbooknumwidth=\dimen138
\cftbeforepartskip=\skip132
\cftpartindent=\skip133
\cftpartnumwidth=\skip134
\cftbeforechapterskip=\skip135
\cftchapterindent=\skip136
\cftchapternumwidth=\skip137
\cftbeforesectionskip=\skip138
\cftsectionindent=\skip139
\cftsectionnumwidth=\skip140
\cftbeforesubsectionskip=\skip141
\cftsubsectionindent=\skip142
\cftsubsectionnumwidth=\skip143
\cftbeforesubsubsectionskip=\skip144
\cftsubsubsectionindent=\skip145
\cftsubsubsectionnumwidth=\skip146
\cftbeforeparagraphskip=\skip147
\cftparagraphindent=\skip148
\cftparagraphnumwidth=\skip149
\cftbeforesubparagraphskip=\skip150
\cftsubparagraphindent=\skip151
\cftsubparagraphnumwidth=\skip152
\prechapterprecisshift=\dimen139
\c@maxsecnumdepth=\count112
\bibindent=\dimen140
\bibitemsep=\skip153
\indexcolsep=\skip154
\indexrule=\skip155
\indexmarkstyle=\toks21
\@indexbox=\insert233
\glossarycolsep=\dimen141
\glossaryrule=\dimen142
\sideparvshift=\skip156
\sideins=\insert232
\sidebartopsep=\skip157
\sidebarhsep=\skip158
\sidebarvsep=\skip159
\sidebarwidth=\skip160
\footmarkwidth=\skip161
\footmarksep=\skip162
\footparindent=\skip163
\footinsdim=\skip164
\footinsv@r=\insert231
\@mpfootinsv@r=\insert230
\m@m@k=\count113
\m@m@h=\dimen143
\m@mipn@skip=\skip165
\sidefootins=\insert229
\sidefootadjust=\skip166
\sidefootheight=\skip167
\sidefoothsep=\skip168
\sidefootvsep=\skip169
\sidefootwidth=\skip170
\m@mdownsf=\skip171
\c@sidefootnote=\count114
\sidefootmarkwidth=\skip172
\sidefootmarksep=\skip173
\sidefootparindent=\skip174
\c@pagenote=\count115
\c@pagenoteshadow=\count116
\mem@pn@lastkern=\skip175
\every@verbatim=\toks22
\afterevery@verbatim=\toks23
\verbatim@line=\toks24
\tab@position=\count117
\verbatim@in@stream=\read1
\verbatimindent=\skip176
\verbatim@out=\write3
\bvboxsep=\skip177
\c@memfbvline=\count118
\c@bvlinectr=\count119
\bvnumlength=\skip178
\fb@frw=\dimen144
\fb@frh=\dimen145
\FrameRule=\dimen146
\FrameSep=\dimen147
\c@cp@cntr=\count120
LaTeX Info: Redefining \: on input line 12052.
LaTeX Info: Redefining \! on input line 12054.
\c@ism@mctr=\count121
\c@xsm@mctr=\count122
\c@csm@mctr=\count123
\c@ksm@mctr=\count124
\c@xksm@mctr=\count125
\c@cksm@mctr=\count126
\c@msm@mctr=\count127
\c@xmsm@mctr=\count128
\c@cmsm@mctr=\count129
\c@bsm@mctr=\count130
\c@workm@mctr=\count131
\c@sheetsequence=\count132
\c@lastsheet=\count133
\c@lastpage=\count134
\c@figure=\count135
\c@lofdepth=\count136
\cftbeforefigureskip=\skip179
\cftfigureindent=\skip180
\cftfigurenumwidth=\skip181
\c@table=\count137
\c@lotdepth=\count138
\cftbeforetableskip=\skip182
\cfttableindent=\skip183
\cfttablenumwidth=\skip184
Package abstract [2008/07/23] emulated by memoir.
Package appendix [2008/07/23] emulated by memoir.
Package array [2008/09/09] emulated by memoir.
Package booktabs [2008/07/23] emulated by memoir.
Package ccaption [2008/07/23] emulated by memoir.
Package changepage [2008/07/23] emulated by memoir.
Package chngcntr [2008/07/23] emulated by memoir.
Package chngpage [2008/07/23] emulated by memoir.
Package crop emulated by memoir.
Package dcolumn [2008/07/23] emulated by memoir.
Package delarray [2008/07/23] emulated by memoir.
Package enumerate [2008/07/23] emulated by memoir.
Package epigraph [2008/07/23] emulated by memoir.
Package ifmtarg [2008/07/23] emulated by memoir.
Package index [2008/07/23] emulated by memoir.
Package makeidx [2008/07/23] emulated by memoir.
Package moreverb [2008/07/23] emulated by memoir.
Package mparhack [2008/07/23] emulated by memoir.
Package needspace [2008/07/23] emulated by memoir.
Package newfile [2008/07/23] emulated by memoir.
Package nextpage [2008/07/23] emulated by memoir.
Package pagenote [2008/07/23] emulated by memoir.
Package parskip [2008/07/23] emulated by memoir.
Package patchcmd [2008/07/23] emulated by memoir.
Package setspace [2008/07/23] emulated by memoir.
Package shortvrb [2008/07/23] emulated by memoir.
Package showidx [2008/07/23] emulated by memoir.
Package tabularx [2008/07/23] emulated by memoir.
Package titleref [2008/07/23] emulated by memoir.
Package titling [2008/07/23] emulated by memoir.
Package tocbibind [2008/07/23] emulated by memoir.
Package tocloft [2008/07/23] emulated by memoir.
Package tocvsec2 [2008/07/23] emulated by memoir.
Package verbatim [2008/07/23] emulated by memoir.
Package verse [2008/07/23] emulated by memoir.

(C:\Users\Elias\AppData\Roaming\MiKTeX\2.9\tex\latex\memoir\mempatch.sty
Package: mempatch 2009/07/24 v6.0f Patches for memoir class v1.6180339
))
("C:\Program Files (x86)\MiKTeX 2.9\tex\generic\babel\babel.sty"
Package: babel 2008/07/08 v3.8m The Babel package

*************************************
* Local config file bblopts.cfg used
*
("C:\Program Files (x86)\MiKTeX 2.9\tex\latex\00miktex\bblopts.cfg"
File: bblopts.cfg 2006/07/31 v1.0 MiKTeX 'babel' configuration
)
(C:\Users\Elias\AppData\Roaming\MiKTeX\2.9\tex\latex\babel-english\english.ldf
Language: english 2012/08/20 v3.3p English support from the babel system

("C:\Program Files (x86)\MiKTeX 2.9\tex\generic\babel\babel.def"
File: babel.def 2008/07/08 v3.8m Babel common definitions
\babel@savecnt=\count139
\U@D=\dimen148
)
\l@canadian = a dialect from \language\l@american 
\l@australian = a dialect from \language\l@british 
\l@newzealand = a dialect from \language\l@british 
)
(C:\Users\Elias\AppData\Roaming\MiKTeX\2.9\tex\latex\babel-dutch\dutch.ldf
Language: dutch 2005/03/30 v3.8i Dutch support from the babel system
Package babel Info: Making " an active character on input line 132.
))
("C:\Program Files (x86)\MiKTeX 2.9\tex\latex\graphics\graphicx.sty"
Package: graphicx 1999/02/16 v1.0f Enhanced LaTeX Graphics (DPC,SPQR)

("C:\Program Files (x86)\MiKTeX 2.9\tex\latex\graphics\graphics.sty"
Package: graphics 2009/02/05 v1.0o Standard LaTeX Graphics (DPC,SPQR)

("C:\Program Files (x86)\MiKTeX 2.9\tex\latex\graphics\trig.sty"
Package: trig 1999/03/16 v1.09 sin cos tan (DPC)
)
("C:\Program Files (x86)\MiKTeX 2.9\tex\latex\00miktex\graphics.cfg"
File: graphics.cfg 2007/01/18 v1.5 graphics configuration of teTeX/TeXLive
)
Package graphics Info: Driver file: pdftex.def on input line 91.

("C:\Program Files (x86)\MiKTeX 2.9\tex\latex\pdftex-def\pdftex.def"
File: pdftex.def 2011/05/27 v0.06d Graphics/color for pdfTeX

("C:\Program Files (x86)\MiKTeX 2.9\tex\generic\oberdiek\infwarerr.sty"
Package: infwarerr 2010/04/08 v1.3 Providing info/warning/error messages (HO)
)
("C:\Program Files (x86)\MiKTeX 2.9\tex\generic\oberdiek\ltxcmds.sty"
Package: ltxcmds 2011/11/09 v1.22 LaTeX kernel commands for general use (HO)
)
\Gread@gobject=\count140
))
\Gin@req@height=\dimen149
\Gin@req@width=\dimen150
)
("C:\Program Files (x86)\MiKTeX 2.9\tex\latex\graphics\color.sty"
Package: color 2005/11/14 v1.0j Standard LaTeX Color (DPC)

("C:\Program Files (x86)\MiKTeX 2.9\tex\latex\00miktex\color.cfg"
File: color.cfg 2007/01/18 v1.5 color configuration of teTeX/TeXLive
)
Package color Info: Driver file: pdftex.def on input line 130.
)
("C:\Program Files (x86)\MiKTeX 2.9\tex\latex\base\fontenc.sty"
Package: fontenc 2005/09/27 v1.99g Standard LaTeX package

("C:\Program Files (x86)\MiKTeX 2.9\tex\latex\base\t1enc.def"
File: t1enc.def 2005/09/27 v1.99g Standard LaTeX file
LaTeX Font Info:    Redeclaring font encoding T1 on input line 43.
)
("C:\Program Files (x86)\MiKTeX 2.9\tex\latex\base\ot1enc.def"
File: ot1enc.def 2005/09/27 v1.99g Standard LaTeX file
LaTeX Font Info:    Redeclaring font encoding OT1 on input line 43.
)))
("C:\Program Files (x86)\MiKTeX 2.9\tex\latex\base\fontenc.sty"
Package: fontenc 2005/09/27 v1.99g Standard LaTeX package

("C:\Program Files (x86)\MiKTeX 2.9\tex\latex\base\t1enc.def"
File: t1enc.def 2005/09/27 v1.99g Standard LaTeX file
LaTeX Font Info:    Redeclaring font encoding T1 on input line 43.
))
("C:\Program Files (x86)\MiKTeX 2.9\tex\latex\lm\lmodern.sty"
Package: lmodern 2009/10/30 v1.6 Latin Modern Fonts
LaTeX Font Info:    Overwriting symbol font `operators' in version `normal'
(Font)                  OT1/cmr/m/n --> OT1/lmr/m/n on input line 22.
LaTeX Font Info:    Overwriting symbol font `letters' in version `normal'
(Font)                  OML/cmm/m/it --> OML/lmm/m/it on input line 23.
LaTeX Font Info:    Overwriting symbol font `symbols' in version `normal'
(Font)                  OMS/cmsy/m/n --> OMS/lmsy/m/n on input line 24.
LaTeX Font Info:    Overwriting symbol font `largesymbols' in version `normal'
(Font)                  OMX/cmex/m/n --> OMX/lmex/m/n on input line 25.
LaTeX Font Info:    Overwriting symbol font `operators' in version `bold'
(Font)                  OT1/cmr/bx/n --> OT1/lmr/bx/n on input line 26.
LaTeX Font Info:    Overwriting symbol font `letters' in version `bold'
(Font)                  OML/cmm/b/it --> OML/lmm/b/it on input line 27.
LaTeX Font Info:    Overwriting symbol font `symbols' in version `bold'
(Font)                  OMS/cmsy/b/n --> OMS/lmsy/b/n on input line 28.
LaTeX Font Info:    Overwriting symbol font `largesymbols' in version `bold'
(Font)                  OMX/cmex/m/n --> OMX/lmex/m/n on input line 29.
LaTeX Font Info:    Overwriting math alphabet `\mathbf' in version `normal'
(Font)                  OT1/cmr/bx/n --> OT1/lmr/bx/n on input line 31.
LaTeX Font Info:    Overwriting math alphabet `\mathsf' in version `normal'
(Font)                  OT1/cmss/m/n --> OT1/lmss/m/n on input line 32.
LaTeX Font Info:    Overwriting math alphabet `\mathit' in version `normal'
(Font)                  OT1/cmr/m/it --> OT1/lmr/m/it on input line 33.
LaTeX Font Info:    Overwriting math alphabet `\mathtt' in version `normal'
(Font)                  OT1/cmtt/m/n --> OT1/lmtt/m/n on input line 34.
LaTeX Font Info:    Overwriting math alphabet `\mathbf' in version `bold'
(Font)                  OT1/cmr/bx/n --> OT1/lmr/bx/n on input line 35.
LaTeX Font Info:    Overwriting math alphabet `\mathsf' in version `bold'
(Font)                  OT1/cmss/bx/n --> OT1/lmss/bx/n on input line 36.
LaTeX Font Info:    Overwriting math alphabet `\mathit' in version `bold'
(Font)                  OT1/cmr/bx/it --> OT1/lmr/bx/it on input line 37.
LaTeX Font Info:    Overwriting math alphabet `\mathtt' in version `bold'
(Font)                  OT1/cmtt/m/n --> OT1/lmtt/m/n on input line 38.
)
(C:\Users\Elias\AppData\Roaming\MiKTeX\2.9\tex\latex\microtype\microtype.sty
Package: microtype 2016/05/01 v2.6 Micro-typographical refinements (RS)
\MT@toks=\toks25
\MT@count=\count141
LaTeX Info: Redefining \textls on input line 774.
\MT@outer@kern=\dimen151
LaTeX Info: Redefining \textmicrotypecontext on input line 1310.
\MT@listname@count=\count142

(C:\Users\Elias\AppData\Roaming\MiKTeX\2.9\tex\latex\microtype\microtype-pdftex
.def
File: microtype-pdftex.def 2016/05/01 v2.6 Definitions specific to pdftex (RS)
LaTeX Info: Redefining \lsstyle on input line 916.
LaTeX Info: Redefining \lslig on input line 916.
\MT@outer@space=\skip185
)
Package microtype Info: Loading configuration file microtype.cfg.

(C:\Users\Elias\AppData\Roaming\MiKTeX\2.9\tex\latex\microtype\microtype.cfg
File: microtype.cfg 2016/05/01 v2.6 microtype main configuration file (RS)
))
("C:\Program Files (x86)\MiKTeX 2.9\tex\latex\hyperref\hyperref.sty"
Package: hyperref 2012/11/06 v6.83m Hypertext links for LaTeX

("C:\Program Files (x86)\MiKTeX 2.9\tex\generic\oberdiek\hobsub-hyperref.sty"
Package: hobsub-hyperref 2012/04/25 v1.12 Bundle oberdiek, subset hyperref (HO)


("C:\Program Files (x86)\MiKTeX 2.9\tex\generic\oberdiek\hobsub-generic.sty"
Package: hobsub-generic 2012/04/25 v1.12 Bundle oberdiek, subset generic (HO)
Package: hobsub 2012/04/25 v1.12 Construct package bundles (HO)
Package hobsub Info: Skipping package `infwarerr' (already loaded).
Package hobsub Info: Skipping package `ltxcmds' (already loaded).
Package hobsub Info: Skipping package `ifluatex' (already loaded).
Package: ifvtex 2010/03/01 v1.5 Detect VTeX and its facilities (HO)
Package ifvtex Info: VTeX not detected.
Package: intcalc 2007/09/27 v1.1 Expandable calculations with integers (HO)
Package hobsub Info: Skipping package `ifpdf' (already loaded).
Package: etexcmds 2011/02/16 v1.5 Avoid name clashes with e-TeX commands (HO)
Package etexcmds Info: Could not find \expanded.
(etexcmds)             That can mean that you are not using pdfTeX 1.50 or
(etexcmds)             that some package has redefined \expanded.
(etexcmds)             In the latter case, load this package earlier.
Package: kvsetkeys 2012/04/25 v1.16 Key value parser (HO)
Package: kvdefinekeys 2011/04/07 v1.3 Define keys (HO)
Package: pdftexcmds 2011/11/29 v0.20 Utility functions of pdfTeX for LuaTeX (HO
)
Package pdftexcmds Info: LuaTeX not detected.
Package pdftexcmds Info: \pdf@primitive is available.
Package pdftexcmds Info: \pdf@ifprimitive is available.
Package pdftexcmds Info: \pdfdraftmode found.
Package: pdfescape 2011/11/25 v1.13 Implements pdfTeX's escape features (HO)
Package: bigintcalc 2012/04/08 v1.3 Expandable calculations on big integers (HO
)
Package: bitset 2011/01/30 v1.1 Handle bit-vector datatype (HO)
Package: uniquecounter 2011/01/30 v1.2 Provide unlimited unique counter (HO)
)
Package hobsub Info: Skipping package `hobsub' (already loaded).
Package: letltxmacro 2010/09/02 v1.4 Let assignment for LaTeX macros (HO)
Package: hopatch 2011/06/24 v1.1 Wrapper for package hooks (HO)
Package: xcolor-patch 2011/01/30 xcolor patch
Package: atveryend 2011/06/30 v1.8 Hooks at the very end of document (HO)
Package atveryend Info: \enddocument detected (standard20110627).
Package: atbegshi 2011/10/05 v1.16 At begin shipout hook (HO)
Package: refcount 2011/10/16 v3.4 Data extraction from label references (HO)
Package: hycolor 2011/01/30 v1.7 Color options for hyperref/bookmark (HO)
)
("C:\Program Files (x86)\MiKTeX 2.9\tex\latex\oberdiek\auxhook.sty"
Package: auxhook 2011/03/04 v1.3 Hooks for auxiliary files (HO)
)
("C:\Program Files (x86)\MiKTeX 2.9\tex\latex\oberdiek\kvoptions.sty"
Package: kvoptions 2011/06/30 v3.11 Key value format for package options (HO)
)
\@linkdim=\dimen152
\Hy@linkcounter=\count143
\Hy@pagecounter=\count144

("C:\Program Files (x86)\MiKTeX 2.9\tex\latex\hyperref\pd1enc.def"
File: pd1enc.def 2012/11/06 v6.83m Hyperref: PDFDocEncoding definition (HO)
)
\Hy@SavedSpaceFactor=\count145

("C:\Program Files (x86)\MiKTeX 2.9\tex\latex\00miktex\hyperref.cfg"
File: hyperref.cfg 2002/06/06 v1.2 hyperref configuration of TeXLive
)
Package hyperref Info: Option `pdfusetitle' set `true' on input line 4319.
Package hyperref Info: Option `colorlinks' set `true' on input line 4319.
Package hyperref Info: Option `plainpages' set `false' on input line 4319.
Package hyperref Info: Hyper figures OFF on input line 4443.
Package hyperref Info: Link nesting OFF on input line 4448.
Package hyperref Info: Hyper index ON on input line 4451.
Package hyperref Info: Plain pages OFF on input line 4458.
Package hyperref Info: Backreferencing OFF on input line 4463.
Package hyperref Info: Implicit mode ON; LaTeX internals redefined.
Package hyperref Info: Bookmarks ON on input line 4688.
\c@Hy@tempcnt=\count146

("C:\Program Files (x86)\MiKTeX 2.9\tex\latex\url\url.sty"
\Urlmuskip=\muskip10
Package: url 2013/09/16  ver 3.4  Verb mode for urls, etc.
)
LaTeX Info: Redefining \url on input line 5041.
\XeTeXLinkMargin=\dimen153
\Fld@menulength=\count147
\Field@Width=\dimen154
\Fld@charsize=\dimen155
Package hyperref Info: Hyper figures OFF on input line 6295.
Package hyperref Info: Link nesting OFF on input line 6300.
Package hyperref Info: Hyper index ON on input line 6303.
Package hyperref Info: backreferencing OFF on input line 6310.
Package hyperref Info: Link coloring ON on input line 6313.
Package hyperref Info: Link coloring with OCG OFF on input line 6320.
Package hyperref Info: PDF/A mode OFF on input line 6325.
LaTeX Info: Redefining \ref on input line 6365.
LaTeX Info: Redefining \pageref on input line 6369.
\Hy@abspage=\count148
\c@Item=\count149
\c@Hfootnote=\count150
)
(C:\Users\Elias\AppData\Roaming\MiKTeX\2.9\tex\latex\memoir\memhfixc.sty
Package: memhfixc 2013/05/30 v1.17 nameref/hyperref package fixes for memoir cl
ass
\c@memhycontfloat=\count151
\c@Hpagenote=\count152
)

Package hyperref Message: Driver (autodetected): hpdftex.

("C:\Program Files (x86)\MiKTeX 2.9\tex\latex\hyperref\hpdftex.def"
File: hpdftex.def 2012/11/06 v6.83m Hyperref driver for pdfTeX
\Fld@listcount=\count153
\c@bookmark@seq@number=\count154

("C:\Program Files (x86)\MiKTeX 2.9\tex\latex\oberdiek\rerunfilecheck.sty"
Package: rerunfilecheck 2011/04/15 v1.7 Rerun checks for auxiliary files (HO)
Package uniquecounter Info: New unique counter `rerunfilecheck' on input line 2
82.
)
\Hy@SectionHShift=\skip186
)
("C:\Program Files (x86)\MiKTeX 2.9\tex\latex\lipsum\lipsum.sty"
Package: lipsum 2014/07/27 v1.3 150 paragraphs of Lorem Ipsum dummy text
\c@lips@count=\count155
)
("C:\Program Files (x86)\MiKTeX 2.9\tex\latex\pdfpages\pdfpages.sty"
Package: pdfpages 2016/04/19 v0.5f Insert pages of external PDF documents (AM)

("C:\Program Files (x86)\MiKTeX 2.9\tex\latex\base\ifthen.sty"
Package: ifthen 2001/05/26 v1.1c Standard LaTeX ifthen package (DPC)
)
("C:\Program Files (x86)\MiKTeX 2.9\tex\latex\tools\calc.sty"
Package: calc 2007/08/22 v4.3 Infix arithmetic (KKT,FJ)
\calc@Acount=\count156
\calc@Bcount=\count157
\calc@Adimen=\dimen156
\calc@Bdimen=\dimen157
\calc@Askip=\skip187
\calc@Bskip=\skip188
LaTeX Info: Redefining \setlength on input line 76.
LaTeX Info: Redefining \addtolength on input line 77.
\calc@Ccount=\count158
\calc@Cskip=\skip189
)
("C:\Program Files (x86)\MiKTeX 2.9\tex\latex\eso-pic\eso-pic.sty"
Package: eso-pic 2015/07/21 v2.0g eso-pic (RN)
)
\AM@pagewidth=\dimen158
\AM@pageheight=\dimen159

("C:\Program Files (x86)\MiKTeX 2.9\tex\latex\pdfpages\pppdftex.def"
File: pppdftex.def 2016/04/19 v0.5f Pdfpages driver for pdfTeX (AM)
)
\AM@pagebox=\box29
\AM@global@opts=\toks26
\AM@toc@title=\toks27
\c@AM@survey=\count159
\AM@templatesizebox=\box30
)
("C:\Program Files (x86)\MiKTeX 2.9\tex\latex\amsmath\amsmath.sty"
Package: amsmath 2013/01/14 v2.14 AMS math features
\@mathmargin=\skip190

For additional information on amsmath, use the `?' option.
("C:\Program Files (x86)\MiKTeX 2.9\tex\latex\amsmath\amstext.sty"
Package: amstext 2000/06/29 v2.01

("C:\Program Files (x86)\MiKTeX 2.9\tex\latex\amsmath\amsgen.sty"
File: amsgen.sty 1999/11/30 v2.0
\@emptytoks=\toks28
\ex@=\dimen160
))
("C:\Program Files (x86)\MiKTeX 2.9\tex\latex\amsmath\amsbsy.sty"
Package: amsbsy 1999/11/29 v1.2d
\pmbraise@=\dimen161
)
("C:\Program Files (x86)\MiKTeX 2.9\tex\latex\amsmath\amsopn.sty"
Package: amsopn 1999/12/14 v2.01 operator names
)
\inf@bad=\count160
LaTeX Info: Redefining \frac on input line 210.
\uproot@=\count161
\leftroot@=\count162
LaTeX Info: Redefining \overline on input line 306.
\classnum@=\count163
\DOTSCASE@=\count164
LaTeX Info: Redefining \ldots on input line 378.
LaTeX Info: Redefining \dots on input line 381.
LaTeX Info: Redefining \cdots on input line 466.
\Mathstrutbox@=\box31
\strutbox@=\box32
\big@size=\dimen162
LaTeX Font Info:    Redeclaring font encoding OML on input line 566.
LaTeX Font Info:    Redeclaring font encoding OMS on input line 567.
\macc@depth=\count165
\c@MaxMatrixCols=\count166
\dotsspace@=\muskip11
\c@parentequation=\count167
\dspbrk@lvl=\count168
\tag@help=\toks29
\row@=\count169
\column@=\count170
\maxfields@=\count171
\andhelp@=\toks30
\eqnshift@=\dimen163
\alignsep@=\dimen164
\tagshift@=\dimen165
\tagwidth@=\dimen166
\totwidth@=\dimen167
\lineht@=\dimen168
\@envbody=\toks31
\multlinegap=\skip191
\multlinetaggap=\skip192
\mathdisplay@stack=\toks32
LaTeX Info: Redefining \[ on input line 2665.
LaTeX Info: Redefining \] on input line 2666.
)
("C:\Program Files (x86)\MiKTeX 2.9\tex\latex\tools\xr.sty"
Package: xr 1994/05/28 v5.02 eXternal References (DPC)
)
Package xr Info: IMPORTING LABELS FROM 1_Muzikale_Achtergrond/muzikale_achtergr
ond.aux on input line 62.
Package xr Info: IMPORTING LABELS FROM 2_Objectieve_Beoordeling/objectieve_beoo
rdeling.aux on input line 63.
Package xr Info: IMPORTING LABELS FROM 3_Melodische_Transformatie/melodische_tr
ansformatie.aux on input line 64.
Package xr Info: IMPORTING LABELS FROM 4_Efficient_Toepassen_Transformatie/effi
cient_toepassen_transformatie.aux on input line 65.


LaTeX Warning: Label `alg:opt_pad' multiply defined.

Package xr Info: IMPORTING LABELS FROM 5_Experimenten_Resultaten/experimenten_r
esultaten.aux on input line 66.
Package xr Info: IMPORTING LABELS FROM 6_Besluit/besluit.aux on input line 67.
Package xr Info: IMPORTING LABELS FROM Appendix_0_Broncode/broncode.aux on inpu
t line 68.
("C:\Program Files (x86)\MiKTeX 2.9\tex\latex\listings\listings.sty"
\lst@mode=\count172
\lst@gtempboxa=\box33
\lst@token=\toks33
\lst@length=\count173
\lst@currlwidth=\dimen169
\lst@column=\count174
\lst@pos=\count175
\lst@lostspace=\dimen170
\lst@width=\dimen171
\lst@newlines=\count176
\lst@lineno=\count177
\lst@maxwidth=\dimen172

("C:\Program Files (x86)\MiKTeX 2.9\tex\latex\listings\lstmisc.sty"
File: lstmisc.sty 2014/03/04 1.5c (Carsten Heinz)
\c@lstnumber=\count178
\lst@skipnumbers=\count179
\lst@framebox=\box34
)
("C:\Program Files (x86)\MiKTeX 2.9\tex\latex\listings\listings.cfg"
File: listings.cfg 2014/03/04 1.5c listings configuration
))
Package: listings 2014/03/04 1.5c (Carsten Heinz)

("C:\Program Files (x86)\MiKTeX 2.9\tex\latex\pgf\frontendlayer\tikz.sty"
("C:\Program Files (x86)\MiKTeX 2.9\tex\latex\pgf\basiclayer\pgf.sty"
("C:\Program Files (x86)\MiKTeX 2.9\tex\latex\pgf\utilities\pgfrcs.sty"
("C:\Program Files (x86)\MiKTeX 2.9\tex\generic\pgf\utilities\pgfutil-common.te
x"
\pgfutil@everybye=\toks34
\pgfutil@tempdima=\dimen173
\pgfutil@tempdimb=\dimen174

("C:\Program Files (x86)\MiKTeX 2.9\tex\generic\pgf\utilities\pgfutil-common-li
sts.tex"))
("C:\Program Files (x86)\MiKTeX 2.9\tex\generic\pgf\utilities\pgfutil-latex.def
"
\pgfutil@abb=\box35
 ("C:\Program Files (x86)\MiKTeX 2.9\tex\latex\ms\everyshi.sty"
Package: everyshi 2001/05/15 v3.00 EveryShipout Package (MS)
))
("C:\Program Files (x86)\MiKTeX 2.9\tex\generic\pgf\utilities\pgfrcs.code.tex"
Package: pgfrcs 2013/12/20 v3.0.0 (rcs-revision 1.28)
))
Package: pgf 2013/12/18 v3.0.0 (rcs-revision 1.14)
 ("C:\Program Files (x86)\MiKTeX 2.9\tex\latex\pgf\basiclayer\pgfcore.sty"
("C:\Program Files (x86)\MiKTeX 2.9\tex\latex\pgf\systemlayer\pgfsys.sty"
("C:\Program Files (x86)\MiKTeX 2.9\tex\generic\pgf\systemlayer\pgfsys.code.tex
"
Package: pgfsys 2013/11/30 v3.0.0 (rcs-revision 1.47)
 ("C:\Program Files (x86)\MiKTeX 2.9\tex\generic\pgf\utilities\pgfkeys.code.tex
"
\pgfkeys@pathtoks=\toks35
\pgfkeys@temptoks=\toks36

("C:\Program Files (x86)\MiKTeX 2.9\tex\generic\pgf\utilities\pgfkeysfiltered.c
ode.tex"
\pgfkeys@tmptoks=\toks37
))
\pgf@x=\dimen175
\pgf@y=\dimen176
\pgf@xa=\dimen177
\pgf@ya=\dimen178
\pgf@xb=\dimen179
\pgf@yb=\dimen180
\pgf@xc=\dimen181
\pgf@yc=\dimen182
\w@pgf@writea=\write4
\r@pgf@reada=\read2
\c@pgf@counta=\count180
\c@pgf@countb=\count181
\c@pgf@countc=\count182
\c@pgf@countd=\count183
\t@pgf@toka=\toks38
\t@pgf@tokb=\toks39
\t@pgf@tokc=\toks40

("C:\Program Files (x86)\MiKTeX 2.9\tex\generic\pgf\systemlayer\pgf.cfg"
File: pgf.cfg 2008/05/14  (rcs-revision 1.7)
)
Driver file for pgf: pgfsys-pdftex.def

("C:\Program Files (x86)\MiKTeX 2.9\tex\generic\pgf\systemlayer\pgfsys-pdftex.d
ef"
File: pgfsys-pdftex.def 2013/07/18  (rcs-revision 1.33)

("C:\Program Files (x86)\MiKTeX 2.9\tex\generic\pgf\systemlayer\pgfsys-common-p
df.def"
File: pgfsys-common-pdf.def 2013/10/10  (rcs-revision 1.13)
)))
("C:\Program Files (x86)\MiKTeX 2.9\tex\generic\pgf\systemlayer\pgfsyssoftpath.
code.tex"
File: pgfsyssoftpath.code.tex 2013/09/09  (rcs-revision 1.9)
\pgfsyssoftpath@smallbuffer@items=\count184
\pgfsyssoftpath@bigbuffer@items=\count185
)
("C:\Program Files (x86)\MiKTeX 2.9\tex\generic\pgf\systemlayer\pgfsysprotocol.
code.tex"
File: pgfsysprotocol.code.tex 2006/10/16  (rcs-revision 1.4)
)) ("C:\Program Files (x86)\MiKTeX 2.9\tex\latex\xcolor\xcolor.sty"
Package: xcolor 2007/01/21 v2.11 LaTeX color extensions (UK)

("C:\Program Files (x86)\MiKTeX 2.9\tex\latex\00miktex\color.cfg"
File: color.cfg 2007/01/18 v1.5 color configuration of teTeX/TeXLive
)
Package xcolor Info: Driver file: pdftex.def on input line 225.
LaTeX Info: Redefining \color on input line 702.
Package xcolor Info: Model `cmy' substituted by `cmy0' on input line 1337.
Package xcolor Info: Model `hsb' substituted by `rgb' on input line 1341.
Package xcolor Info: Model `RGB' extended on input line 1353.
Package xcolor Info: Model `HTML' substituted by `rgb' on input line 1355.
Package xcolor Info: Model `Hsb' substituted by `hsb' on input line 1356.
Package xcolor Info: Model `tHsb' substituted by `hsb' on input line 1357.
Package xcolor Info: Model `HSB' substituted by `hsb' on input line 1358.
Package xcolor Info: Model `Gray' substituted by `gray' on input line 1359.
Package xcolor Info: Model `wave' substituted by `hsb' on input line 1360.
)
("C:\Program Files (x86)\MiKTeX 2.9\tex\generic\pgf\basiclayer\pgfcore.code.tex
"
Package: pgfcore 2010/04/11 v3.0.0 (rcs-revision 1.7)
 ("C:\Program Files (x86)\MiKTeX 2.9\tex\generic\pgf\math\pgfmath.code.tex"
("C:\Program Files (x86)\MiKTeX 2.9\tex\generic\pgf\math\pgfmathcalc.code.tex"
("C:\Program Files (x86)\MiKTeX 2.9\tex\generic\pgf\math\pgfmathutil.code.tex")
("C:\Program Files (x86)\MiKTeX 2.9\tex\generic\pgf\math\pgfmathparser.code.tex
"
\pgfmath@dimen=\dimen183
\pgfmath@count=\count186
\pgfmath@box=\box36
\pgfmath@toks=\toks41
\pgfmath@stack@operand=\toks42
\pgfmath@stack@operation=\toks43
)
("C:\Program Files (x86)\MiKTeX 2.9\tex\generic\pgf\math\pgfmathfunctions.code.
tex"
("C:\Program Files (x86)\MiKTeX 2.9\tex\generic\pgf\math\pgfmathfunctions.basic
.code.tex")
("C:\Program Files (x86)\MiKTeX 2.9\tex\generic\pgf\math\pgfmathfunctions.trigo
nometric.code.tex")
("C:\Program Files (x86)\MiKTeX 2.9\tex\generic\pgf\math\pgfmathfunctions.rando
m.code.tex")
("C:\Program Files (x86)\MiKTeX 2.9\tex\generic\pgf\math\pgfmathfunctions.compa
rison.code.tex")
("C:\Program Files (x86)\MiKTeX 2.9\tex\generic\pgf\math\pgfmathfunctions.base.
code.tex")
("C:\Program Files (x86)\MiKTeX 2.9\tex\generic\pgf\math\pgfmathfunctions.round
.code.tex")
("C:\Program Files (x86)\MiKTeX 2.9\tex\generic\pgf\math\pgfmathfunctions.misc.
code.tex")
("C:\Program Files (x86)\MiKTeX 2.9\tex\generic\pgf\math\pgfmathfunctions.integ
erarithmetics.code.tex")))
("C:\Program Files (x86)\MiKTeX 2.9\tex\generic\pgf\math\pgfmathfloat.code.tex"
\c@pgfmathroundto@lastzeros=\count187
))
("C:\Program Files (x86)\MiKTeX 2.9\tex\generic\pgf\basiclayer\pgfcorepoints.co
de.tex"
File: pgfcorepoints.code.tex 2013/10/07  (rcs-revision 1.27)
\pgf@picminx=\dimen184
\pgf@picmaxx=\dimen185
\pgf@picminy=\dimen186
\pgf@picmaxy=\dimen187
\pgf@pathminx=\dimen188
\pgf@pathmaxx=\dimen189
\pgf@pathminy=\dimen190
\pgf@pathmaxy=\dimen191
\pgf@xx=\dimen192
\pgf@xy=\dimen193
\pgf@yx=\dimen194
\pgf@yy=\dimen195
\pgf@zx=\dimen196
\pgf@zy=\dimen197
)
("C:\Program Files (x86)\MiKTeX 2.9\tex\generic\pgf\basiclayer\pgfcorepathconst
ruct.code.tex"
File: pgfcorepathconstruct.code.tex 2013/10/07  (rcs-revision 1.29)
\pgf@path@lastx=\dimen198
\pgf@path@lasty=\dimen199
)
("C:\Program Files (x86)\MiKTeX 2.9\tex\generic\pgf\basiclayer\pgfcorepathusage
.code.tex"
File: pgfcorepathusage.code.tex 2013/12/13  (rcs-revision 1.23)
\pgf@shorten@end@additional=\dimen200
\pgf@shorten@start@additional=\dimen201
)
("C:\Program Files (x86)\MiKTeX 2.9\tex\generic\pgf\basiclayer\pgfcorescopes.co
de.tex"
File: pgfcorescopes.code.tex 2013/10/09  (rcs-revision 1.44)
\pgfpic=\box37
\pgf@hbox=\box38
\pgf@layerbox@main=\box39
\pgf@picture@serial@count=\count188
)
("C:\Program Files (x86)\MiKTeX 2.9\tex\generic\pgf\basiclayer\pgfcoregraphicst
ate.code.tex"
File: pgfcoregraphicstate.code.tex 2013/09/19  (rcs-revision 1.11)
\pgflinewidth=\dimen202
)
("C:\Program Files (x86)\MiKTeX 2.9\tex\generic\pgf\basiclayer\pgfcoretransform
ations.code.tex"
File: pgfcoretransformations.code.tex 2013/10/10  (rcs-revision 1.17)
\pgf@pt@x=\dimen203
\pgf@pt@y=\dimen204
\pgf@pt@temp=\dimen205
)
("C:\Program Files (x86)\MiKTeX 2.9\tex\generic\pgf\basiclayer\pgfcorequick.cod
e.tex"
File: pgfcorequick.code.tex 2008/10/09  (rcs-revision 1.3)
)
("C:\Program Files (x86)\MiKTeX 2.9\tex\generic\pgf\basiclayer\pgfcoreobjects.c
ode.tex"
File: pgfcoreobjects.code.tex 2006/10/11  (rcs-revision 1.2)
)
("C:\Program Files (x86)\MiKTeX 2.9\tex\generic\pgf\basiclayer\pgfcorepathproce
ssing.code.tex"
File: pgfcorepathprocessing.code.tex 2013/09/09  (rcs-revision 1.9)
)
("C:\Program Files (x86)\MiKTeX 2.9\tex\generic\pgf\basiclayer\pgfcorearrows.co
de.tex"
File: pgfcorearrows.code.tex 2013/11/07  (rcs-revision 1.40)
\pgfarrowsep=\dimen206
)
("C:\Program Files (x86)\MiKTeX 2.9\tex\generic\pgf\basiclayer\pgfcoreshade.cod
e.tex"
File: pgfcoreshade.code.tex 2013/07/15  (rcs-revision 1.15)
\pgf@max=\dimen207
\pgf@sys@shading@range@num=\count189
)
("C:\Program Files (x86)\MiKTeX 2.9\tex\generic\pgf\basiclayer\pgfcoreimage.cod
e.tex"
File: pgfcoreimage.code.tex 2013/07/15  (rcs-revision 1.18)

("C:\Program Files (x86)\MiKTeX 2.9\tex\generic\pgf\basiclayer\pgfcoreexternal.
code.tex"
File: pgfcoreexternal.code.tex 2013/07/15  (rcs-revision 1.20)
\pgfexternal@startupbox=\box40
))
("C:\Program Files (x86)\MiKTeX 2.9\tex\generic\pgf\basiclayer\pgfcorelayers.co
de.tex"
File: pgfcorelayers.code.tex 2013/07/18  (rcs-revision 1.7)
)
("C:\Program Files (x86)\MiKTeX 2.9\tex\generic\pgf\basiclayer\pgfcoretranspare
ncy.code.tex"
File: pgfcoretransparency.code.tex 2013/09/30  (rcs-revision 1.5)
)
("C:\Program Files (x86)\MiKTeX 2.9\tex\generic\pgf\basiclayer\pgfcorepatterns.
code.tex"
File: pgfcorepatterns.code.tex 2013/11/07  (rcs-revision 1.5)
)))
("C:\Program Files (x86)\MiKTeX 2.9\tex\generic\pgf\modules\pgfmoduleshapes.cod
e.tex"
File: pgfmoduleshapes.code.tex 2013/10/31  (rcs-revision 1.34)
\pgfnodeparttextbox=\box41
)
("C:\Program Files (x86)\MiKTeX 2.9\tex\generic\pgf\modules\pgfmoduleplot.code.
tex"
File: pgfmoduleplot.code.tex 2013/07/31  (rcs-revision 1.12)
)
("C:\Program Files (x86)\MiKTeX 2.9\tex\latex\pgf\compatibility\pgfcomp-version
-0-65.sty"
Package: pgfcomp-version-0-65 2007/07/03 v3.0.0 (rcs-revision 1.7)
\pgf@nodesepstart=\dimen208
\pgf@nodesepend=\dimen209
)
("C:\Program Files (x86)\MiKTeX 2.9\tex\latex\pgf\compatibility\pgfcomp-version
-1-18.sty"
Package: pgfcomp-version-1-18 2007/07/23 v3.0.0 (rcs-revision 1.1)
))
("C:\Program Files (x86)\MiKTeX 2.9\tex\latex\pgf\utilities\pgffor.sty"
("C:\Program Files (x86)\MiKTeX 2.9\tex\latex\pgf\utilities\pgfkeys.sty"
("C:\Program Files (x86)\MiKTeX 2.9\tex\generic\pgf\utilities\pgfkeys.code.tex"
)) ("C:\Program Files (x86)\MiKTeX 2.9\tex\latex\pgf\math\pgfmath.sty"
("C:\Program Files (x86)\MiKTeX 2.9\tex\generic\pgf\math\pgfmath.code.tex"))
("C:\Program Files (x86)\MiKTeX 2.9\tex\generic\pgf\utilities\pgffor.code.tex"
Package: pgffor 2013/12/13 v3.0.0 (rcs-revision 1.25)

("C:\Program Files (x86)\MiKTeX 2.9\tex\generic\pgf\math\pgfmath.code.tex")
\pgffor@iter=\dimen210
\pgffor@skip=\dimen211
\pgffor@stack=\toks44
\pgffor@toks=\toks45
))
("C:\Program Files (x86)\MiKTeX 2.9\tex\generic\pgf\frontendlayer\tikz\tikz.cod
e.tex"
Package: tikz 2013/12/13 v3.0.0 (rcs-revision 1.142)

("C:\Program Files (x86)\MiKTeX 2.9\tex\generic\pgf\libraries\pgflibraryplothan
dlers.code.tex"
File: pgflibraryplothandlers.code.tex 2013/08/31 v3.0.0 (rcs-revision 1.20)
\pgf@plot@mark@count=\count190
\pgfplotmarksize=\dimen212
)
\tikz@lastx=\dimen213
\tikz@lasty=\dimen214
\tikz@lastxsaved=\dimen215
\tikz@lastysaved=\dimen216
\tikzleveldistance=\dimen217
\tikzsiblingdistance=\dimen218
\tikz@figbox=\box42
\tikz@figbox@bg=\box43
\tikz@tempbox=\box44
\tikz@tempbox@bg=\box45
\tikztreelevel=\count191
\tikznumberofchildren=\count192
\tikznumberofcurrentchild=\count193
\tikz@fig@count=\count194

("C:\Program Files (x86)\MiKTeX 2.9\tex\generic\pgf\modules\pgfmodulematrix.cod
e.tex"
File: pgfmodulematrix.code.tex 2013/09/17  (rcs-revision 1.8)
\pgfmatrixcurrentrow=\count195
\pgfmatrixcurrentcolumn=\count196
\pgf@matrix@numberofcolumns=\count197
)
\tikz@expandcount=\count198

("C:\Program Files (x86)\MiKTeX 2.9\tex\generic\pgf\frontendlayer\tikz\librarie
s\tikzlibrarytopaths.code.tex"
File: tikzlibrarytopaths.code.tex 2008/06/17 v3.0.0 (rcs-revision 1.2)
)))
("C:\Program Files (x86)\MiKTeX 2.9\tex\latex\framed\framed.sty"
Package: framed 2011/10/22 v 0.96: framed or shaded text with page breaks
\OuterFrameSep=\skip193
\fb@frw=\dimen219
\fb@frh=\dimen220
)
("C:\Program Files (x86)\MiKTeX 2.9\tex\latex\algorithms\algorithm.sty"
Package: algorithm 2009/08/24 v0.1 Document Style `algorithm' - floating enviro
nment

("C:\Program Files (x86)\MiKTeX 2.9\tex\latex\float\float.sty"
Package: float 2001/11/08 v1.3d Float enhancements (AL)
\c@float@type=\count199
\float@exts=\toks46
\float@box=\box46
\@float@everytoks=\toks47
\@floatcapt=\box47
)
\@float@every@algorithm=\toks48
\c@algorithm=\count200
)
("C:\Program Files (x86)\MiKTeX 2.9\tex\latex\algorithmicx\algpseudocode.sty"
Package: algpseudocode 

("C:\Program Files (x86)\MiKTeX 2.9\tex\latex\algorithmicx\algorithmicx.sty"
Package: algorithmicx 2005/04/27 v1.2 Algorithmicx

Document Style algorithmicx 1.2 - a greatly improved `algorithmic' style
\c@ALG@line=\count201
\c@ALG@rem=\count202
\c@ALG@nested=\count203
\ALG@tlm=\skip194
\ALG@thistlm=\skip195
\c@ALG@Lnr=\count204
\c@ALG@blocknr=\count205
\c@ALG@storecount=\count206
\c@ALG@tmpcounter=\count207
\ALG@tmplength=\skip196
)
Document Style - pseudocode environments for use with the `algorithmicx' style
) (C:\Users\Elias\Documents\GitHub\Thesis\Tekst\masterproef.aux
(C:\Users\Elias\Documents\GitHub\Thesis\Tekst\0_Inleiding/inleiding.aux)
(C:\Users\Elias\Documents\GitHub\Thesis\Tekst\1_Muzikale_Achtergrond/muzikale_a
chtergrond.aux

LaTeX Warning: Label `hoofdstuk:MA' multiply defined.


LaTeX Warning: Label `figuur:tijdssignatuur' multiply defined.


LaTeX Warning: Label `figuur:nootlengtes' multiply defined.


LaTeX Warning: Label `tabel:toonhoogte' multiply defined.


LaTeX Warning: Label `figuur:toonladder' multiply defined.


LaTeX Warning: Label `figuur:do_groot' multiply defined.


LaTeX Warning: Label `figuur:la_klein' multiply defined.

)
(C:\Users\Elias\Documents\GitHub\Thesis\Tekst\2_Objectieve_Beoordeling/objectie
ve_beoordeling.aux

LaTeX Warning: Label `hoofdstuk:OBM' multiply defined.


LaTeX Warning: Label `OBM:NN' multiply defined.


LaTeX Warning: Label `figuur:ANN' multiply defined.


LaTeX Warning: Label `OBM:OMM' multiply defined.


LaTeX Warning: Label `OBM:RPK' multiply defined.


LaTeX Warning: Label `figuur:range' multiply defined.


LaTeX Warning: Label `figuur:proximity' multiply defined.


LaTeX Warning: Label `figuur:key_major' multiply defined.


LaTeX Warning: Label `figuur:key_minor' multiply defined.

)
(C:\Users\Elias\Documents\GitHub\Thesis\Tekst\3_Melodische_Transformatie/melodi
sche_transformatie.aux

LaTeX Warning: Label `hoofdstuk:MT' multiply defined.


LaTeX Warning: Label `tabel:transformatie1' multiply defined.


LaTeX Warning: Label `sub:afronding' multiply defined.


LaTeX Warning: Label `MT:positie' multiply defined.


LaTeX Warning: Label `figuur:voorbeeld_transformatie_1' multiply defined.


LaTeX Warning: Label `tabel:transformatie2' multiply defined.


LaTeX Warning: Label `MT:afstand_vorige' multiply defined.


LaTeX Warning: Label `figuur:voorbeeld_transformatie_2' multiply defined.

)
(C:\Users\Elias\Documents\GitHub\Thesis\Tekst\4_Efficient_Toepassen_Transformat
ie/efficient_toepassen_transformatie.aux

LaTeX Warning: Label `hoofdstuk:ETT' multiply defined.


LaTeX Warning: Label `ETT:algo1' multiply defined.


LaTeX Warning: Label `figuur:14' multiply defined.


LaTeX Warning: Label `alg:opt_pad' multiply defined.


LaTeX Warning: Label `figuur:matrix' multiply defined.


LaTeX Warning: Label `ETT:algo2' multiply defined.


LaTeX Warning: Label `ETT:werking' multiply defined.


LaTeX Warning: Label `alg:opt_pad' multiply defined.

)
(C:\Users\Elias\Documents\GitHub\Thesis\Tekst\5_Experimenten_Resultaten/experim
enten_resultaten.aux

LaTeX Warning: Label `hoofdstuk:ER' multiply defined.


LaTeX Warning: Label `experiment:5' multiply defined.


LaTeX Warning: Label `tabel:exp5:T1' multiply defined.


LaTeX Warning: Label `tabel:exp5:T2' multiply defined.


LaTeX Warning: Label `tabel:res5' multiply defined.


LaTeX Warning: Label `tabel:exp6:T1' multiply defined.


LaTeX Warning: Label `tabel:exp6:T2' multiply defined.


LaTeX Warning: Label `tabel:res6' multiply defined.


LaTeX Warning: Label `experiment:6' multiply defined.


LaTeX Warning: Label `experiment:10' multiply defined.


LaTeX Warning: Label `figuur:exp10' multiply defined.


LaTeX Warning: Label `experiment:11' multiply defined.


LaTeX Warning: Label `figuur:exp11' multiply defined.


LaTeX Warning: Label `experiment:12' multiply defined.


LaTeX Warning: Label `figuur:exp12' multiply defined.


LaTeX Warning: Label `tabel:exp1' multiply defined.


LaTeX Warning: Label `experiment:1' multiply defined.


LaTeX Warning: Label `figuur:exp1' multiply defined.


LaTeX Warning: Label `tabel:exp2' multiply defined.


LaTeX Warning: Label `experiment:2' multiply defined.


LaTeX Warning: Label `figuur:exp2' multiply defined.


LaTeX Warning: Label `tabel:exp3' multiply defined.


LaTeX Warning: Label `experiment:3' multiply defined.


LaTeX Warning: Label `figuur:exp3' multiply defined.


LaTeX Warning: Label `tabel:exp4' multiply defined.


LaTeX Warning: Label `experiment:4' multiply defined.


LaTeX Warning: Label `tabel:res4' multiply defined.


LaTeX Warning: Label `tabel:exp7' multiply defined.


LaTeX Warning: Label `experiment:7' multiply defined.


LaTeX Warning: Label `figuur:exp7' multiply defined.


LaTeX Warning: Label `experiment:8' multiply defined.


LaTeX Warning: Label `tabel:exp8' multiply defined.


LaTeX Warning: Label `figuur:exp8' multiply defined.


LaTeX Warning: Label `tabel:exp9' multiply defined.


LaTeX Warning: Label `experiment:9' multiply defined.


LaTeX Warning: Label `figuur:exp9' multiply defined.

) (C:\Users\Elias\Documents\GitHub\Thesis\Tekst\6_Besluit/besluit.aux

LaTeX Warning: Label `hoofdstuk:B' multiply defined.

)
(C:\Users\Elias\Documents\GitHub\Thesis\Tekst\Appendix_0_Broncode/broncode.aux

LaTeX Warning: Label `app:broncode' multiply defined.


LaTeX Warning: Label `Broncode:ANN' multiply defined.


LaTeX Warning: Label `Broncode:RPK' multiply defined.


LaTeX Warning: Label `Broncode:algo1' multiply defined.


LaTeX Warning: Label `Broncode:algo2' multiply defined.

) (C:\Users\Elias\Documents\GitHub\Thesis\Tekst\Appendix_1_Paper/paper.aux)
(C:\Users\Elias\Documents\GitHub\Thesis\Tekst\Appendix_2_Poster/poster.aux))
LaTeX Font Info:    Checking defaults for OML/cmm/m/it on input line 77.
LaTeX Font Info:    ... okay on input line 77.
LaTeX Font Info:    Checking defaults for T1/cmr/m/n on input line 77.
LaTeX Font Info:    ... okay on input line 77.
LaTeX Font Info:    Checking defaults for OT1/cmr/m/n on input line 77.
LaTeX Font Info:    ... okay on input line 77.
LaTeX Font Info:    Checking defaults for OMS/cmsy/m/n on input line 77.
LaTeX Font Info:    ... okay on input line 77.
LaTeX Font Info:    Checking defaults for OMX/cmex/m/n on input line 77.
LaTeX Font Info:    ... okay on input line 77.
LaTeX Font Info:    Checking defaults for U/cmr/m/n on input line 77.
LaTeX Font Info:    ... okay on input line 77.
LaTeX Font Info:    Checking defaults for PD1/pdf/m/n on input line 77.
LaTeX Font Info:    ... okay on input line 77.
LaTeX Font Info:    Try loading font information for T1+lmr on input line 77.

("C:\Program Files (x86)\MiKTeX 2.9\tex\latex\lm\t1lmr.fd"
File: t1lmr.fd 2009/10/30 v1.6 Font defs for Latin Modern
)
("C:\Program Files (x86)\MiKTeX 2.9\tex\context\base\supp-pdf.mkii"
[Loading MPS to PDF converter (version 2006.09.02).]
\scratchcounter=\count208
\scratchdimen=\dimen221
\scratchbox=\box48
\nofMPsegments=\count209
\nofMParguments=\count210
\everyMPshowfont=\toks49
\MPscratchCnt=\count211
\MPscratchDim=\dimen222
\MPnumerator=\count212
\makeMPintoPDFobject=\count213
\everyMPtoPDFconversion=\toks50
)

******************************************************
Stock height and width: 845.04684pt by 597.50787pt
Top and edge trims: 0pt and 0pt
Page height and width: 845.04684pt by 597.50787pt
Text height and width: 609.40027pt by 398pt
Spine and edge margins: 79.6665pt and 119.50279pt
Upper and lower margins: 106.09436pt and 129.55222pt
Headheight and headsep: 13.6pt and 19.8738pt
Footskip: 27.46295pt
Columnsep and columnseprule: 10pt and 0pt
Marginparsep and marginparwidth: 16.31996pt and 86.86287pt
Sidecapsep and sidecapwidth: 7pt and 101pt
Sidebarhsep and sidebarwidth: 7pt and 101pt
Sidebarvsep and sidebartopsep: 13.6pt and 0pt
Sidebarheight: 594.32022pt
Sidefoothsep and sidefootwidth: 7pt and 101pt
Sidefootvsep and sidefootheight: 13.6pt and 594.32022pt
******************************************************

LaTeX Info: Redefining \microtypecontext on input line 77.
Package microtype Info: Generating PDF output.
Package microtype Info: Character protrusion enabled (level 2).
Package microtype Info: Using default protrusion set `alltext'.
Package microtype Info: Automatic font expansion enabled (level 2),
(microtype)             stretch: 20, shrink: 20, step: 1, non-selected.
Package microtype Info: Using default expansion set `basictext'.
Package microtype Info: No adjustment of tracking.
Package microtype Info: No adjustment of interword spacing.
Package microtype Info: No adjustment of character kerning.
(C:\Users\Elias\AppData\Roaming\MiKTeX\2.9\tex\latex\microtype\mt-cmr.cfg
File: mt-cmr.cfg 2013/05/19 v2.2 microtype config. file: Computer Modern Roman 
(RS)
)
\AtBeginShipoutBox=\box49
Package hyperref Info: Link coloring ON on input line 77.

("C:\Program Files (x86)\MiKTeX 2.9\tex\latex\hyperref\nameref.sty"
Package: nameref 2012/10/27 v2.43 Cross-referencing by name of section

("C:\Program Files (x86)\MiKTeX 2.9\tex\generic\oberdiek\gettitlestring.sty"
Package: gettitlestring 2010/12/03 v1.4 Cleanup title references (HO)
)
\c@section@level=\count214
)
Redoing nameref's sectioning
Redoing nameref's label
LaTeX Info: Redefining \nameref on input line 77.
LaTeX Info: Redefining \ref on input line 77.
LaTeX Info: Redefining \pageref on input line 77.
LaTeX Info: Redefining \nameref on input line 77.
(C:\Users\Elias\Documents\GitHub\Thesis\Tekst\masterproef.out)
(C:\Users\Elias\Documents\GitHub\Thesis\Tekst\masterproef.out)
\@outlinefile=\write5

("C:\Program Files (x86)\MiKTeX 2.9\tex\latex\oberdiek\pdflscape.sty"
Package: pdflscape 2008/08/11 v0.10 Display of landscape pages in PDF (HO)

("C:\Program Files (x86)\MiKTeX 2.9\tex\latex\graphics\lscape.sty"
Package: lscape 2000/10/22 v3.01 Landscape Pages (DPC)
)
Package pdflscape Info: Auto-detected driver: pdftex on input line 80.
)
\c@lstlisting=\count215

ABD: EveryShipout initializing macros
Package microtype Info: Loading generic settings for font family
(microtype)             `kulemtfpf' (encoding: T1).
(microtype)             For optimal results, create family-specific settings.
(microtype)             See the microtype manual for details.

<logokuleng.pdf, id=162, 159.33528pt x 85.358pt>
File: logokuleng.pdf Graphic file (type pdf)
 <use logokuleng.pdf>
Package pdftex.def Info: logokuleng.pdf used on input line 77.
(pdftex.def)             Requested size: 159.33542pt x 85.3617pt.
 [-1


{C:/Users/Elias/AppData/Local/MiKTeX/2.9/pdftex/config/pdftex.map} <C:/Program 
Files/KUL_Tex/tex/latex/kulemt/logokuleng.pdf>]
LaTeX Font Info:    Try loading font information for OMS+lmr on input line 77.

("C:\Program Files (x86)\MiKTeX 2.9\tex\latex\lm\omslmr.fd"
File: omslmr.fd 2009/10/30 v1.6 Font defs for Latin Modern
)
LaTeX Font Info:    Try loading font information for OMS+lmsy on input line 77.


("C:\Program Files (x86)\MiKTeX 2.9\tex\latex\lm\omslmsy.fd"
File: omslmsy.fd 2009/10/30 v1.6 Font defs for Latin Modern
)
LaTeX Font Info:    Font shape `OMS/lmr/m/n' in size <10.95> not available
(Font)              Font shape `OMS/lmsy/m/n' tried instead on input line 77.
LaTeX Font Info:    Try loading font information for T1+lmtt on input line 77.

("C:\Program Files (x86)\MiKTeX 2.9\tex\latex\lm\t1lmtt.fd"
File: t1lmtt.fd 2009/10/30 v1.6 Font defs for Latin Modern
)
Package microtype Info: Loading generic settings for font family
(microtype)             `lmtt' (encoding: T1).
(microtype)             For optimal results, create family-specific settings.
(microtype)             See the microtype manual for details.
 [0


] [1



]
(C:\Users\Elias\Documents\GitHub\Thesis\Tekst\masterproef.toc
LaTeX Font Info:    Try loading font information for OT1+lmr on input line 8.

("C:\Program Files (x86)\MiKTeX 2.9\tex\latex\lm\ot1lmr.fd"
File: ot1lmr.fd 2009/10/30 v1.6 Font defs for Latin Modern
)
LaTeX Font Info:    Try loading font information for OML+lmm on input line 8.

("C:\Program Files (x86)\MiKTeX 2.9\tex\latex\lm\omllmm.fd"
File: omllmm.fd 2009/10/30 v1.6 Font defs for Latin Modern
)
LaTeX Font Info:    Try loading font information for OMX+lmex on input line 8.

("C:\Program Files (x86)\MiKTeX 2.9\tex\latex\lm\omxlmex.fd"
File: omxlmex.fd 2009/10/30 v1.6 Font defs for Latin Modern
)
LaTeX Font Info:    External font `lmex10' loaded for size
(Font)              <10.95> on input line 8.
LaTeX Font Info:    External font `lmex10' loaded for size
(Font)              <8> on input line 8.
LaTeX Font Info:    External font `lmex10' loaded for size
(Font)              <6> on input line 8.
 [2


])
Package microtype Info: Character `029' is missing
(microtype)             in font `T1/lmr/m/sc/10.95'.
(microtype)             Ignoring protrusion settings for this character.
 [3] [4

]
(C:\Users\Elias\Documents\GitHub\Thesis\Tekst\masterproef.lof
Underfull \vbox (badness 10000) has occurred while \output is active []

 [5


])
(C:\Users\Elias\Documents\GitHub\Thesis\Tekst\masterproef.lot
Underfull \vbox (badness 5908) has occurred while \output is active []

 [6])
[7] [8

] (C:\Users\Elias\Documents\GitHub\Thesis\Tekst\0_Inleiding/inleiding.tex
Underfull \hbox (badness 10000) in paragraph at lines 15--16

 []

[1


] <0_Inleiding/fibo.png, id=445, 261.97874pt x 147.55125pt>
File: 0_Inleiding/fibo.png Graphic file (type png)

<use 0_Inleiding/fibo.png>
Package pdftex.def Info: 0_Inleiding/fibo.png used on input line 24.
(pdftex.def)             Requested size: 199.0pt x 112.08382pt.
 [2pdfTeX warning (ext4): destination with the same identifier (name{figure.1.1
}) has been already used, duplicate ignored

\AtBegShi@Output ...ipout \box \AtBeginShipoutBox 
                                                  \fi \fi 
l.33 
      <C:/Users/Elias/Documents/GitHub/Thesis/Tekst/0_Inleiding/fibo.png>])
[3]
(C:\Users\Elias\Documents\GitHub\Thesis\Tekst\1_Muzikale_Achtergrond/muzikale_a
chtergrond.tex [4



]
<1_Muzikale_Achtergrond/tijdssignatuur.png, id=471, 471.56175pt x 174.6525pt>
File: 1_Muzikale_Achtergrond/tijdssignatuur.png Graphic file (type png)

<use 1_Muzikale_Achtergrond/tijdssignatuur.png>
Package pdftex.def Info: 1_Muzikale_Achtergrond/tijdssignatuur.png used on inpu
t line 23.
(pdftex.def)             Requested size: 199.0pt x 73.70532pt.

Underfull \vbox (badness 1917) has occurred while \output is active []

 [5]
<1_Muzikale_Achtergrond/nootlengtes.png, id=481, 426.59375pt x 77.28876pt>
File: 1_Muzikale_Achtergrond/nootlengtes.png Graphic file (type png)

<use 1_Muzikale_Achtergrond/nootlengtes.png>
Package pdftex.def Info: 1_Muzikale_Achtergrond/nootlengtes.png used on input l
ine 38.
(pdftex.def)             Requested size: 199.0pt x 36.05446pt.
 [6pdfTeX warning (ext4): destination with the same identifier (name{figure.2.1
}) has been already used, duplicate ignored

\AtBegShi@Output ...ipout \box \AtBeginShipoutBox 
                                                  \fi \fi 
l.45 
     pdfTeX warning (ext4): destination with the same identifier (name{figure.2
.2}) has been already used, duplicate ignored

\AtBegShi@Output ...ipout \box \AtBeginShipoutBox 
                                                  \fi \fi 
l.45 
      <C:/Users/Elias/Documents/GitHub/Thesis/Tekst/1_Muzikale_Achtergrond/tijd
ssignatuur.png> <C:/Users/Elias/Documents/GitHub/Thesis/Tekst/1_Muzikale_Achter
grond/nootlengtes.png>]
<1_Muzikale_Achtergrond/toonladder.jpeg, id=491, 501.875pt x 130.4875pt>
File: 1_Muzikale_Achtergrond/toonladder.jpeg Graphic file (type jpg)

<use 1_Muzikale_Achtergrond/toonladder.jpeg>
Package pdftex.def Info: 1_Muzikale_Achtergrond/toonladder.jpeg used on input l
ine 65.
(pdftex.def)             Requested size: 199.0pt x 51.7401pt.
 [7pdfTeX warning (ext4): destination with the same identifier (name{table.2.1}
) has been already used, duplicate ignored

\AtBegShi@Output ...ipout \box \AtBeginShipoutBox 
                                                  \fi \fi 
l.72 
     pdfTeX warning (ext4): destination with the same identifier (name{figure.2
.3}) has been already used, duplicate ignored

\AtBegShi@Output ...ipout \box \AtBeginShipoutBox 
                                                  \fi \fi 
l.72 
      <C:/Users/Elias/Documents/GitHub/Thesis/Tekst/1_Muzikale_Achtergrond/toon
ladder.jpeg>]
<1_Muzikale_Achtergrond/do_groot.png, id=499, 322.3242pt x 113.7048pt>
File: 1_Muzikale_Achtergrond/do_groot.png Graphic file (type png)

<use 1_Muzikale_Achtergrond/do_groot.png>
Package pdftex.def Info: 1_Muzikale_Achtergrond/do_groot.png used on input line
 82.
(pdftex.def)             Requested size: 199.0pt x 70.2013pt.

<1_Muzikale_Achtergrond/la_klein.png, id=501, 326.4195pt x 95.6373pt>
File: 1_Muzikale_Achtergrond/la_klein.png Graphic file (type png)

<use 1_Muzikale_Achtergrond/la_klein.png>
Package pdftex.def Info: 1_Muzikale_Achtergrond/la_klein.png used on input line
 91.
(pdftex.def)             Requested size: 199.0pt x 58.30653pt.
 [8pdfTeX warning (ext4): destination with the same identifier (name{figure.2.4
}) has been already used, duplicate ignored

\AtBegShi@Output ...ipout \box \AtBeginShipoutBox 
                                                  \fi \fi 
l.97 
     pdfTeX warning (ext4): destination with the same identifier (name{figure.2
.5}) has been already used, duplicate ignored

\AtBegShi@Output ...ipout \box \AtBeginShipoutBox 
                                                  \fi \fi 
l.97 
      <C:/Users/Elias/Documents/GitHub/Thesis/Tekst/1_Muzikale_Achtergrond/do_g
root.png> <C:/Users/Elias/Documents/GitHub/Thesis/Tekst/1_Muzikale_Achtergrond/
la_klein.png>]) [9]
(C:\Users\Elias\Documents\GitHub\Thesis\Tekst\2_Objectieve_Beoordeling/objectie
ve_beoordeling.tex [10



]
Underfull \hbox (badness 10000) in paragraph at lines 13--14

 []

[11]
Missing character: There is no ; in font nullfont!
Missing character: There is no ; in font nullfont!
Missing character: There is no ; in font nullfont!

Underfull \vbox (badness 1297) has occurred while \output is active []

 [12pdfTeX warning (ext4): destination with the same identifier (name{figure.3.
1}) has been already used, duplicate ignored

\AtBegShi@Output ...ipout \box \AtBeginShipoutBox 
                                                  \fi \fi 
l.73 
     ] [13]
<2_Objectieve_Beoordeling/range.png, id=548, 711.8595pt x 311.36325pt>
File: 2_Objectieve_Beoordeling/range.png Graphic file (type png)

<use 2_Objectieve_Beoordeling/range.png>
Package pdftex.def Info: 2_Objectieve_Beoordeling/range.png used on input line 
102.
(pdftex.def)             Requested size: 298.5pt x 130.56262pt.
 [14]
<2_Objectieve_Beoordeling/proximity.png, id=554, 694.39426pt x 315.579pt>
File: 2_Objectieve_Beoordeling/proximity.png Graphic file (type png)

<use 2_Objectieve_Beoordeling/proximity.png>
Package pdftex.def Info: 2_Objectieve_Beoordeling/proximity.png used on input l
ine 111.
(pdftex.def)             Requested size: 298.5pt x 135.65779pt.

<2_Objectieve_Beoordeling/key_major.png, id=557, 687.16725pt x 290.88675pt>
File: 2_Objectieve_Beoordeling/key_major.png Graphic file (type png)

<use 2_Objectieve_Beoordeling/key_major.png>
Package pdftex.def Info: 2_Objectieve_Beoordeling/key_major.png used on input l
ine 120.
(pdftex.def)             Requested size: 298.5pt x 126.35716pt.

<2_Objectieve_Beoordeling/key_minor.png, id=558, 691.383pt x 295.1025pt>
File: 2_Objectieve_Beoordeling/key_minor.png Graphic file (type png)

<use 2_Objectieve_Beoordeling/key_minor.png>
Package pdftex.def Info: 2_Objectieve_Beoordeling/key_minor.png used on input l
ine 127.
(pdftex.def)             Requested size: 298.5pt x 127.40942pt.

Underfull \vbox (badness 4832) has occurred while \output is active []

 [15pdfTeX warning (ext4): destination with the same identifier (name{figure.3.
2}) has been already used, duplicate ignored

\AtBegShi@Output ...ipout \box \AtBeginShipoutBox 
                                                  \fi \fi 
l.136 
      pdfTeX warning (ext4): destination with the same identifier (name{figure.
3.3}) has been already used, duplicate ignored

\AtBegShi@Output ...ipout \box \AtBeginShipoutBox 
                                                  \fi \fi 
l.136 
       <C:/Users/Elias/Documents/GitHub/Thesis/Tekst/2_Objectieve_Beoordeling/r
ange.png> <C:/Users/Elias/Documents/GitHub/Thesis/Tekst/2_Objectieve_Beoordelin
g/proximity.png>] [16pdfTeX warning (ext4): destination with the same identifie
r (name{figure.3.4}) has been already used, duplicate ignored

\AtBegShi@Output ...ipout \box \AtBeginShipoutBox 
                                                  \fi \fi 
l.140 
      pdfTeX warning (ext4): destination with the same identifier (name{figure.
3.5}) has been already used, duplicate ignored

\AtBegShi@Output ...ipout \box \AtBeginShipoutBox 
                                                  \fi \fi 
l.140 
       <C:/Users/Elias/Documents/GitHub/Thesis/Tekst/2_Objectieve_Beoordeling/k
ey_major.png> <C:/Users/Elias/Documents/GitHub/Thesis/Tekst/2_Objectieve_Beoord
eling/key_minor.png>]) [17]
(C:\Users\Elias\Documents\GitHub\Thesis\Tekst\3_Melodische_Transformatie/melodi
sche_transformatie.tex [18



] [19] [20pdfTeX warning (ext4): destination with the same identifier (name{tab
le.4.1}) has been already used, duplicate ignored

\AtBegShi@Output ...ipout \box \AtBeginShipoutBox 
                                                  \fi \fi 
l.42 
     ]
<3_Melodische_Transformatie/transfo1.png, id=599, 889.52325pt x 387.24675pt>
File: 3_Melodische_Transformatie/transfo1.png Graphic file (type png)

<use 3_Melodische_Transformatie/transfo1.png>
Package pdftex.def Info: 3_Melodische_Transformatie/transfo1.png used on input 
line 47.
(pdftex.def)             Requested size: 298.5pt x 129.94856pt.

Underfull \vbox (badness 10000) has occurred while \output is active []

 [21pdfTeX warning (ext4): destination with the same identifier (name{figure.4.
1}) has been already used, duplicate ignored

\AtBegShi@Output ...ipout \box \AtBeginShipoutBox 
                                                  \fi \fi 
l.61 
      <C:/Users/Elias/Documents/GitHub/Thesis/Tekst/3_Melodische_Transformatie/
transfo1.png>] [22pdfTeX warning (ext4): destination with the same identifier (
name{table.4.2}) has been already used, duplicate ignored

\AtBegShi@Output ...ipout \box \AtBeginShipoutBox 
                                                  \fi \fi 
l.83 A
      ls we dan verder gaan naar de volgende noot merken we dat het verschil...
] <3_Melodische_Transformatie/transfo2.png, id=616, 879.88725pt x 382.42876pt>
File: 3_Melodische_Transformatie/transfo2.png Graphic file (type png)

<use 3_Melodische_Transformatie/transfo2.png>
Package pdftex.def Info: 3_Melodische_Transformatie/transfo2.png used on input 
line 87.
(pdftex.def)             Requested size: 298.5pt x 129.73811pt.
) [23pdfTeX warning (ext4): destination with the same identifier (name{figure.4
.2}) has been already used, duplicate ignored

\AtBegShi@Output ...ipout \box \AtBeginShipoutBox 
                                                  \fi \fi 
l.129 ...e_Transformatie/melodische_transformatie}
                                                   <C:/Users/Elias/Documents/Gi
tHub/Thesis/Tekst/3_Melodische_Transformatie/transfo2.png>]
(C:\Users\Elias\Documents\GitHub\Thesis\Tekst\4_Efficient_Toepassen_Transformat
ie/efficient_toepassen_transformatie.tex [24



] [25]
<4_Efficient_Toepassen_Transformatie/14.png, id=639, 385.44pt x 134.30174pt>
File: 4_Efficient_Toepassen_Transformatie/14.png Graphic file (type png)

<use 4_Efficient_Toepassen_Transformatie/14.png>
Package pdftex.def Info: 4_Efficient_Toepassen_Transformatie/14.png used on inp
ut line 31.
(pdftex.def)             Requested size: 298.5pt x 104.00899pt.
 [26] [27pdfTeX warning (ext4): destination with the same identifier (name{figu
re.5.1}) has been already used, duplicate ignored

\AtBegShi@Output ...ipout \box \AtBeginShipoutBox 
                                                  \fi \fi 
l.58 \begin{framed}
                    <C:/Users/Elias/Documents/GitHub/Thesis/Tekst/4_Efficient_T
oepassen_Transformatie/14.png>] [28]
Package hyperref Info: bookmark level for unknown algorithm defaults to 0 on in
put line 113.

<4_Efficient_Toepassen_Transformatie/matrix.png, id=667, 333.04425pt x 359.5432
4pt>
File: 4_Efficient_Toepassen_Transformatie/matrix.png Graphic file (type png)
 <use 4_Efficient_Toepassen_Transformatie/matrix.png>
Package pdftex.def Info: 4_Efficient_Toepassen_Transformatie/matrix.png used on
 input line 129.
(pdftex.def)             Requested size: 298.5pt x 322.25827pt.
 [29] [30pdfTeX warning (ext4): destination with the same identifier (name{figu
re.5.2}) has been already used, duplicate ignored

\AtBegShi@Output ...ipout \box \AtBeginShipoutBox 
                                                  \fi \fi 
l.146 
       <C:/Users/Elias/Documents/GitHub/Thesis/Tekst/4_Efficient_Toepassen_Tran
sformatie/matrix.png>] [31] [32] [33]
Overfull \vbox (0.84502pt too high) detected at line 264
 []

[34] [35] [36]) [37]
(C:\Users\Elias\Documents\GitHub\Thesis\Tekst\5_Experimenten_Resultaten/experim
enten_resultaten.tex [38



] [39]
Underfull \vbox (badness 10000) has occurred while \output is active []

 [40pdfTeX warning (ext4): destination with the same identifier (name{table.6.1
}) has been already used, duplicate ignored

\AtBegShi@Output ...ipout \box \AtBeginShipoutBox 
                                                  \fi \fi 
l.61 
     pdfTeX warning (ext4): destination with the same identifier (name{table.6.
2}) has been already used, duplicate ignored

\AtBegShi@Output ...ipout \box \AtBeginShipoutBox 
                                                  \fi \fi 
l.61 
     pdfTeX warning (ext4): destination with the same identifier (name{table.6.
3}) has been already used, duplicate ignored

\AtBegShi@Output ...ipout \box \AtBeginShipoutBox 
                                                  \fi \fi 
l.61 
     ] [41pdfTeX warning (ext4): destination with the same identifier (name{tab
le.6.4}) has been already used, duplicate ignored

\AtBegShi@Output ...ipout \box \AtBeginShipoutBox 
                                                  \fi \fi 
l.104 
      pdfTeX warning (ext4): destination with the same identifier (name{table.6
.5}) has been already used, duplicate ignored

\AtBegShi@Output ...ipout \box \AtBeginShipoutBox 
                                                  \fi \fi 
l.104 
      pdfTeX warning (ext4): destination with the same identifier (name{table.6
.6}) has been already used, duplicate ignored

\AtBegShi@Output ...ipout \box \AtBeginShipoutBox 
                                                  \fi \fi 
l.104 
      ]
<5_Experimenten_Resultaten/exp10_res.png, id=784, 281.25075pt x 183.084pt>
File: 5_Experimenten_Resultaten/exp10_res.png Graphic file (type png)

<use 5_Experimenten_Resultaten/exp10_res.png>
Package pdftex.def Info: 5_Experimenten_Resultaten/exp10_res.png used on input 
line 120.
(pdftex.def)             Requested size: 298.5pt x 194.31114pt.

Underfull \vbox (badness 2529) has occurred while \output is active []

 [42]
[43pdfTeX warning (ext4): destination with the same identifier (name{figure.6.1
}) has been already used, duplicate ignored

\AtBegShi@Output ...ipout \box \AtBeginShipoutBox 
                                                  \fi \fi 
l.133 
       <C:/Users/Elias/Documents/GitHub/Thesis/Tekst/5_Experimenten_Resultaten/
exp10_res.png>]
<5_Experimenten_Resultaten/exp11_res.png, id=802, 280.6485pt x 197.538pt>
File: 5_Experimenten_Resultaten/exp11_res.png Graphic file (type png)

<use 5_Experimenten_Resultaten/exp11_res.png>
Package pdftex.def Info: 5_Experimenten_Resultaten/exp11_res.png used on input 
line 137.
(pdftex.def)             Requested size: 298.5pt x 210.1187pt.
 [44pdfTeX warning (ext4): destination with the same identifier (name{figure.6.
2}) has been already used, duplicate ignored

\AtBegShi@Output ...ipout \box \AtBeginShipoutBox 
                                                  \fi \fi 
l.149 I
       n dit experiment wordt voor 100 muziekstukken uit het Essencorpus eer...
 <C:/Users/Elias/Documents/GitHub/Thesis/Tekst/5_Experimenten_Resultaten/exp11_
res.png>]
<5_Experimenten_Resultaten/exp12_res.png, id=817, 302.3295pt x 222.8325pt>
File: 5_Experimenten_Resultaten/exp12_res.png Graphic file (type png)

<use 5_Experimenten_Resultaten/exp12_res.png>
Package pdftex.def Info: 5_Experimenten_Resultaten/exp12_res.png used on input 
line 154.
(pdftex.def)             Requested size: 298.5pt x 220.02002pt.

Underfull \vbox (badness 10000) has occurred while \output is active []

 [45pdfTeX warning (ext4): destination with the same identifier (name{figure.6.
3}) has been already used, duplicate ignored

\AtBegShi@Output ...ipout \box \AtBeginShipoutBox 
                                                  \fi \fi 
l.166 
       <C:/Users/Elias/Documents/GitHub/Thesis/Tekst/5_Experimenten_Resultaten/
exp12_res.png>]
<5_Experimenten_Resultaten/exp1_res.png, id=831, 288.47775pt x 200.54926pt>
File: 5_Experimenten_Resultaten/exp1_res.png Graphic file (type png)

<use 5_Experimenten_Resultaten/exp1_res.png>
Package pdftex.def Info: 5_Experimenten_Resultaten/exp1_res.png used on input l
ine 184.
(pdftex.def)             Requested size: 298.5pt x 207.51973pt.

Underfull \hbox (badness 10000) in paragraph at lines 195--196

 []


Underfull \vbox (badness 2261) has occurred while \output is active []

 [46pdfTeX warning (ext4): destination with the same identifier (name{table.6.7
}) has been already used, duplicate ignored

\AtBegShi@Output ...ipout \box \AtBeginShipoutBox 
                                                  \fi \fi 
l.196 
      ] [47pdfTeX warning (ext4): destination with the same identifier (name{fi
gure.6.4}) has been already used, duplicate ignored

\AtBegShi@Output ...ipout \box \AtBeginShipoutBox 
                                                  \fi \fi 
l.218 
      pdfTeX warning (ext4): destination with the same identifier (name{table.6
.8}) has been already used, duplicate ignored

\AtBegShi@Output ...ipout \box \AtBeginShipoutBox 
                                                  \fi \fi 
l.218 
       <C:/Users/Elias/Documents/GitHub/Thesis/Tekst/5_Experimenten_Resultaten/
exp1_res.png>]
<5_Experimenten_Resultaten/exp2_res.png, id=850, 289.68225pt x 176.45924pt>
File: 5_Experimenten_Resultaten/exp2_res.png Graphic file (type png)

<use 5_Experimenten_Resultaten/exp2_res.png>
Package pdftex.def Info: 5_Experimenten_Resultaten/exp2_res.png used on input l
ine 222.
(pdftex.def)             Requested size: 298.5pt x 181.84389pt.

Underfull \hbox (badness 10000) in paragraph at lines 233--234

 []


Underfull \vbox (badness 8000) has occurred while \output is active []

 [48pdfTeX warning (ext4): destination with the same identifier (name{figure.6.
5}) has been already used, duplicate ignored

\AtBegShi@Output ...ipout \box \AtBeginShipoutBox 
                                                  \fi \fi 
l.234 
       <C:/Users/Elias/Documents/GitHub/Thesis/Tekst/5_Experimenten_Resultaten/
exp2_res.png>]
<5_Experimenten_Resultaten/exp3_res.png, id=864, 289.68225pt x 176.45924pt>
File: 5_Experimenten_Resultaten/exp3_res.png Graphic file (type png)

<use 5_Experimenten_Resultaten/exp3_res.png>
Package pdftex.def Info: 5_Experimenten_Resultaten/exp3_res.png used on input l
ine 254.
(pdftex.def)             Requested size: 298.5pt x 181.84389pt.
 [49pdfTeX warning (ext4): destination with the same identifier (name{table.6.9
}) has been already used, duplicate ignored

\AtBegShi@Output ...ipout \box \AtBeginShipoutBox 
                                                  \fi \fi 
l.260 
      pdfTeX warning (ext4): destination with the same identifier (name{figure.
6.6}) has been already used, duplicate ignored

\AtBegShi@Output ...ipout \box \AtBeginShipoutBox 
                                                  \fi \fi 
l.260 
       <C:/Users/Elias/Documents/GitHub/Thesis/Tekst/5_Experimenten_Resultaten/
exp3_res.png>]
Underfull \vbox (badness 10000) has occurred while \output is active []

 [50pdfTeX warning (ext4): destination with the same identifier (name{table.6.1
0}) has been already used, duplicate ignored

\AtBegShi@Output ...ipout \box \AtBeginShipoutBox 
                                                  \fi \fi 
l.308 
      ]
<5_Experimenten_Resultaten/exp7_res.png, id=898, 234.8775pt x 176.45924pt>
File: 5_Experimenten_Resultaten/exp7_res.png Graphic file (type png)

<use 5_Experimenten_Resultaten/exp7_res.png>
Package pdftex.def Info: 5_Experimenten_Resultaten/exp7_res.png used on input l
ine 326.
(pdftex.def)             Requested size: 298.5pt x 224.2569pt.
 [51pdfTeX warning (ext4): destination with the same identifier (name{table.6.1
1}) has been already used, duplicate ignored

\AtBegShi@Output ...ipout \box \AtBeginShipoutBox 
                                                  \fi \fi 
l.337 
      pdfTeX warning (ext4): destination with the same identifier (name{table.6
.12}) has been already used, duplicate ignored

\AtBegShi@Output ...ipout \box \AtBeginShipoutBox 
                                                  \fi \fi 
l.337 
      ]
<5_Experimenten_Resultaten/exp8_res.png, id=915, 234.8775pt x 176.45924pt>
File: 5_Experimenten_Resultaten/exp8_res.png Graphic file (type png)

<use 5_Experimenten_Resultaten/exp8_res.png>
Package pdftex.def Info: 5_Experimenten_Resultaten/exp8_res.png used on input l
ine 373.
(pdftex.def)             Requested size: 298.5pt x 224.2569pt.
 [52pdfTeX warning (ext4): destination with the same identifier (name{figure.6.
7}) has been already used, duplicate ignored

\AtBegShi@Output ...ipout \box \AtBeginShipoutBox 
                                                  \fi \fi 
l.380 \subsection
                 {Tijdsafhankelijkheid algoritme \ref{ETT:algo2} van minimum...
 <C:/Users/Elias/Documents/GitHub/Thesis/Tekst/5_Experimenten_Resultaten/exp7_r
es.png>]
Underfull \vbox (badness 10000) has occurred while \output is active []

 [53pdfTeX warning (ext4): destination with the same identifier (name{table.6.1
3}) has been already used, duplicate ignored

\AtBegShi@Output ...ipout \box \AtBeginShipoutBox 
                                                  \fi \fi 
l.384 
      pdfTeX warning (ext4): destination with the same identifier (name{figure.
6.8}) has been already used, duplicate ignored

\AtBegShi@Output ...ipout \box \AtBeginShipoutBox 
                                                  \fi \fi 
l.384 
       <C:/Users/Elias/Documents/GitHub/Thesis/Tekst/5_Experimenten_Resultaten/
exp8_res.png>]
<5_Experimenten_Resultaten/exp9_res.png, id=935, 234.8775pt x 176.45924pt>
File: 5_Experimenten_Resultaten/exp9_res.png Graphic file (type png)

<use 5_Experimenten_Resultaten/exp9_res.png>
Package pdftex.def Info: 5_Experimenten_Resultaten/exp9_res.png used on input l
ine 404.
(pdftex.def)             Requested size: 298.5pt x 224.2569pt.
 [54pdfTeX warning (ext4): destination with the same identifier (name{table.6.1
4}) has been already used, duplicate ignored

\AtBegShi@Output ...ipout \box \AtBeginShipoutBox 
                                                  \fi \fi 
l.410 
      pdfTeX warning (ext4): destination with the same identifier (name{figure.
6.9}) has been already used, duplicate ignored

\AtBegShi@Output ...ipout \box \AtBeginShipoutBox 
                                                  \fi \fi 
l.410 
       <C:/Users/Elias/Documents/GitHub/Thesis/Tekst/5_Experimenten_Resultaten/
exp9_res.png>]) [55]
(C:\Users\Elias\Documents\GitHub\Thesis\Tekst\6_Besluit/besluit.tex [56



]
Underfull \vbox (badness 1708) has occurred while \output is active []

 [57])
[58] [59] [60


] [61] [62]
(C:\Users\Elias\Documents\GitHub\Thesis\Tekst\Appendix_0_Broncode/broncode.tex
("C:\Program Files (x86)\MiKTeX 2.9\tex\latex\listings\lstlang1.sty"
File: lstlang1.sty 2014/03/04 1.5c listings language file
)
Package hyperref Info: bookmark level for unknown lstlisting defaults to 0 on i
nput line 6.

(C:\Users\Elias\Documents\GitHub\Thesis\Tekst\Appendix_0_Broncode/NeuralNetwork
Trainer.java [63


]
Underfull \vbox (badness 10000) has occurred while \output is active []

 [64]
Underfull \vbox (badness 10000) has occurred while \output is active []

 [65]
Underfull \vbox (badness 10000) has occurred while \output is active []

 [66]
Overfull \hbox (3.06308pt too wide) in paragraph at lines 144--145
[][] 
 []


Overfull \hbox (3.06308pt too wide) in paragraph at lines 144--145
[][] 
 []


Underfull \vbox (badness 10000) has occurred while \output is active []

 [67]
Underfull \vbox (badness 10000) has occurred while \output is active []

 [68])
("C:\Program Files (x86)\MiKTeX 2.9\tex\latex\listings\lstlang1.sty"
File: lstlang1.sty 2014/03/04 1.5c listings language file
)
(C:\Users\Elias\Documents\GitHub\Thesis\Tekst\Appendix_0_Broncode/RPK.py
[69]
Underfull \vbox (badness 10000) has occurred while \output is active []

 [70]
Underfull \vbox (badness 10000) has occurred while \output is active []

 [71]
Underfull \vbox (badness 10000) has occurred while \output is active []

 [72])
(C:\Users\Elias\Documents\GitHub\Thesis\Tekst\Appendix_0_Broncode/BestSequenceC
leaned.py [73]
Underfull \vbox (badness 10000) has occurred while \output is active []

 [74])
(C:\Users\Elias\Documents\GitHub\Thesis\Tekst\Appendix_0_Broncode/BestCoordinat
edSequenceCleaned.py [75]
Underfull \vbox (badness 10000) has occurred while \output is active []

 [76]
Underfull \vbox (badness 10000) has occurred while \output is active []

 [77]
Underfull \vbox (badness 10000) has occurred while \output is active []

 [78]
Underfull \vbox (badness 10000) has occurred while \output is active []

 [79]
Underfull \vbox (badness 10000) has occurred while \output is active []

 [80]
Underfull \vbox (badness 10000) has occurred while \output is active []

 [81]))
[82] (C:\Users\Elias\Documents\GitHub\Thesis\Tekst\Appendix_1_Paper/paper.tex
<Appendix_1_Paper/Paper_EliasMoons.pdf, id=1694, 614.295pt x 794.97pt>
File: Appendix_1_Paper/Paper_EliasMoons.pdf Graphic file (type pdf)

<use Appendix_1_Paper/Paper_EliasMoons.pdf>
Package pdftex.def Info: Appendix_1_Paper/Paper_EliasMoons.pdf used on input li
ne 4.
(pdftex.def)             Requested size: 614.29349pt x 794.96806pt.
File: Appendix_1_Paper/Paper_EliasMoons.pdf Graphic file (type pdf)

<use Appendix_1_Paper/Paper_EliasMoons.pdf>
Package pdftex.def Info: Appendix_1_Paper/Paper_EliasMoons.pdf used on input li
ne 4.
(pdftex.def)             Requested size: 614.29349pt x 794.96806pt.
File: Appendix_1_Paper/Paper_EliasMoons.pdf Graphic file (type pdf)

<use Appendix_1_Paper/Paper_EliasMoons.pdf>
Package pdftex.def Info: Appendix_1_Paper/Paper_EliasMoons.pdf used on input li
ne 4.
(pdftex.def)             Requested size: 614.29349pt x 794.96806pt.
File: Appendix_1_Paper/Paper_EliasMoons.pdf Graphic file (type pdf)

<use Appendix_1_Paper/Paper_EliasMoons.pdf>
Package pdftex.def Info: Appendix_1_Paper/Paper_EliasMoons.pdf used on input li
ne 4.
(pdftex.def)             Requested size: 614.29349pt x 794.96806pt.
File: Appendix_1_Paper/Paper_EliasMoons.pdf Graphic file (type pdf)

<use Appendix_1_Paper/Paper_EliasMoons.pdf>
Package pdftex.def Info: Appendix_1_Paper/Paper_EliasMoons.pdf used on input li
ne 4.
(pdftex.def)             Requested size: 614.29349pt x 794.96806pt.
File: Appendix_1_Paper/Paper_EliasMoons.pdf Graphic file (type pdf)

<use Appendix_1_Paper/Paper_EliasMoons.pdf>
Package pdftex.def Info: Appendix_1_Paper/Paper_EliasMoons.pdf used on input li
ne 4.
(pdftex.def)             Requested size: 614.29349pt x 794.96806pt.
File: Appendix_1_Paper/Paper_EliasMoons.pdf Graphic file (type pdf)

<use Appendix_1_Paper/Paper_EliasMoons.pdf>
Package pdftex.def Info: Appendix_1_Paper/Paper_EliasMoons.pdf used on input li
ne 4.
(pdftex.def)             Requested size: 614.29349pt x 794.96806pt.

<Appendix_1_Paper/Paper_EliasMoons.pdf, id=1702, page=1, 614.295pt x 794.97pt>
File: Appendix_1_Paper/Paper_EliasMoons.pdf Graphic file (type pdf)

<use Appendix_1_Paper/Paper_EliasMoons.pdf, page 1>
Package pdftex.def Info: Appendix_1_Paper/Paper_EliasMoons.pdf, page1 used on i
nput line 4.
(pdftex.def)             Requested size: 614.29349pt x 794.96806pt.
File: Appendix_1_Paper/Paper_EliasMoons.pdf Graphic file (type pdf)

<use Appendix_1_Paper/Paper_EliasMoons.pdf, page 1>
Package pdftex.def Info: Appendix_1_Paper/Paper_EliasMoons.pdf, page1 used on i
nput line 4.
(pdftex.def)             Requested size: 597.78697pt x 773.60669pt.
 [83



]
File: Appendix_1_Paper/Paper_EliasMoons.pdf Graphic file (type pdf)

<use Appendix_1_Paper/Paper_EliasMoons.pdf, page 1>
Package pdftex.def Info: Appendix_1_Paper/Paper_EliasMoons.pdf, page1 used on i
nput line 4.
(pdftex.def)             Requested size: 597.78697pt x 773.60669pt.
File: Appendix_1_Paper/Paper_EliasMoons.pdf Graphic file (type pdf)

<use Appendix_1_Paper/Paper_EliasMoons.pdf, page 1>
Package pdftex.def Info: Appendix_1_Paper/Paper_EliasMoons.pdf, page1 used on i
nput line 4.
(pdftex.def)             Requested size: 597.78697pt x 773.60669pt.
File: Appendix_1_Paper/Paper_EliasMoons.pdf Graphic file (type pdf)

<use Appendix_1_Paper/Paper_EliasMoons.pdf, page 1>
Package pdftex.def Info: Appendix_1_Paper/Paper_EliasMoons.pdf, page1 used on i
nput line 4.
(pdftex.def)             Requested size: 597.78697pt x 773.60669pt.
 [84 <C:/Users/Elias/Documents/GitHub/Thesis/Tekst/Appendix_1_Paper/Paper_Elias
Moons.pdf>]
<Appendix_1_Paper/Paper_EliasMoons.pdf, id=1737, page=2, 614.295pt x 794.97pt>
File: Appendix_1_Paper/Paper_EliasMoons.pdf Graphic file (type pdf)

<use Appendix_1_Paper/Paper_EliasMoons.pdf, page 2>
Package pdftex.def Info: Appendix_1_Paper/Paper_EliasMoons.pdf, page2 used on i
nput line 4.
(pdftex.def)             Requested size: 597.78697pt x 773.60669pt.
File: Appendix_1_Paper/Paper_EliasMoons.pdf Graphic file (type pdf)

<use Appendix_1_Paper/Paper_EliasMoons.pdf, page 2>
Package pdftex.def Info: Appendix_1_Paper/Paper_EliasMoons.pdf, page2 used on i
nput line 4.
(pdftex.def)             Requested size: 597.78697pt x 773.60669pt.
File: Appendix_1_Paper/Paper_EliasMoons.pdf Graphic file (type pdf)

<use Appendix_1_Paper/Paper_EliasMoons.pdf, page 2>
Package pdftex.def Info: Appendix_1_Paper/Paper_EliasMoons.pdf, page2 used on i
nput line 4.
(pdftex.def)             Requested size: 597.78697pt x 773.60669pt.
 [85 <C:/Users/Elias/Documents/GitHub/Thesis/Tekst/Appendix_1_Paper/Paper_Elias
Moons.pdf>]
<Appendix_1_Paper/Paper_EliasMoons.pdf, id=1746, page=3, 614.295pt x 794.97pt>
File: Appendix_1_Paper/Paper_EliasMoons.pdf Graphic file (type pdf)

<use Appendix_1_Paper/Paper_EliasMoons.pdf, page 3>
Package pdftex.def Info: Appendix_1_Paper/Paper_EliasMoons.pdf, page3 used on i
nput line 4.
(pdftex.def)             Requested size: 597.78697pt x 773.60669pt.
File: Appendix_1_Paper/Paper_EliasMoons.pdf Graphic file (type pdf)

<use Appendix_1_Paper/Paper_EliasMoons.pdf, page 3>
Package pdftex.def Info: Appendix_1_Paper/Paper_EliasMoons.pdf, page3 used on i
nput line 4.
(pdftex.def)             Requested size: 597.78697pt x 773.60669pt.
File: Appendix_1_Paper/Paper_EliasMoons.pdf Graphic file (type pdf)

<use Appendix_1_Paper/Paper_EliasMoons.pdf, page 3>
Package pdftex.def Info: Appendix_1_Paper/Paper_EliasMoons.pdf, page3 used on i
nput line 4.
(pdftex.def)             Requested size: 597.78697pt x 773.60669pt.
 [86 <C:/Users/Elias/Documents/GitHub/Thesis/Tekst/Appendix_1_Paper/Paper_Elias
Moons.pdf>]
<Appendix_1_Paper/Paper_EliasMoons.pdf, id=1769, page=4, 614.295pt x 794.97pt>
File: Appendix_1_Paper/Paper_EliasMoons.pdf Graphic file (type pdf)

<use Appendix_1_Paper/Paper_EliasMoons.pdf, page 4>
Package pdftex.def Info: Appendix_1_Paper/Paper_EliasMoons.pdf, page4 used on i
nput line 4.
(pdftex.def)             Requested size: 597.78697pt x 773.60669pt.
File: Appendix_1_Paper/Paper_EliasMoons.pdf Graphic file (type pdf)

<use Appendix_1_Paper/Paper_EliasMoons.pdf, page 4>
Package pdftex.def Info: Appendix_1_Paper/Paper_EliasMoons.pdf, page4 used on i
nput line 4.
(pdftex.def)             Requested size: 597.78697pt x 773.60669pt.
File: Appendix_1_Paper/Paper_EliasMoons.pdf Graphic file (type pdf)

<use Appendix_1_Paper/Paper_EliasMoons.pdf, page 4>
Package pdftex.def Info: Appendix_1_Paper/Paper_EliasMoons.pdf, page4 used on i
nput line 4.
(pdftex.def)             Requested size: 597.78697pt x 773.60669pt.
 [87 <C:/Users/Elias/Documents/GitHub/Thesis/Tekst/Appendix_1_Paper/Paper_Elias
Moons.pdf>]
<Appendix_1_Paper/Paper_EliasMoons.pdf, id=1775, page=5, 614.295pt x 794.97pt>
File: Appendix_1_Paper/Paper_EliasMoons.pdf Graphic file (type pdf)

<use Appendix_1_Paper/Paper_EliasMoons.pdf, page 5>
Package pdftex.def Info: Appendix_1_Paper/Paper_EliasMoons.pdf, page5 used on i
nput line 4.
(pdftex.def)             Requested size: 597.78697pt x 773.60669pt.
File: Appendix_1_Paper/Paper_EliasMoons.pdf Graphic file (type pdf)

<use Appendix_1_Paper/Paper_EliasMoons.pdf, page 5>
Package pdftex.def Info: Appendix_1_Paper/Paper_EliasMoons.pdf, page5 used on i
nput line 4.
(pdftex.def)             Requested size: 597.78697pt x 773.60669pt.
File: Appendix_1_Paper/Paper_EliasMoons.pdf Graphic file (type pdf)

<use Appendix_1_Paper/Paper_EliasMoons.pdf, page 5>
Package pdftex.def Info: Appendix_1_Paper/Paper_EliasMoons.pdf, page5 used on i
nput line 4.
(pdftex.def)             Requested size: 597.78697pt x 773.60669pt.
 [88 <C:/Users/Elias/Documents/GitHub/Thesis/Tekst/Appendix_1_Paper/Paper_Elias
Moons.pdf>]
<Appendix_1_Paper/Paper_EliasMoons.pdf, id=1782, page=6, 614.295pt x 794.97pt>
File: Appendix_1_Paper/Paper_EliasMoons.pdf Graphic file (type pdf)

<use Appendix_1_Paper/Paper_EliasMoons.pdf, page 6>
Package pdftex.def Info: Appendix_1_Paper/Paper_EliasMoons.pdf, page6 used on i
nput line 4.
(pdftex.def)             Requested size: 597.78697pt x 773.60669pt.
File: Appendix_1_Paper/Paper_EliasMoons.pdf Graphic file (type pdf)

<use Appendix_1_Paper/Paper_EliasMoons.pdf, page 6>
Package pdftex.def Info: Appendix_1_Paper/Paper_EliasMoons.pdf, page6 used on i
nput line 4.
(pdftex.def)             Requested size: 597.78697pt x 773.60669pt.
File: Appendix_1_Paper/Paper_EliasMoons.pdf Graphic file (type pdf)

<use Appendix_1_Paper/Paper_EliasMoons.pdf, page 6>
Package pdftex.def Info: Appendix_1_Paper/Paper_EliasMoons.pdf, page6 used on i
nput line 4.
(pdftex.def)             Requested size: 597.78697pt x 773.60669pt.
 [89 <C:/Users/Elias/Documents/GitHub/Thesis/Tekst/Appendix_1_Paper/Paper_Elias
Moons.pdf>])
(C:\Users\Elias\Documents\GitHub\Thesis\Tekst\Appendix_2_Poster/poster.tex
[90



]
<Appendix_2_Poster/Poster_EliasMoons.pdf, id=1793, 1690.27481pt x 2393.22108pt>
File: Appendix_2_Poster/Poster_EliasMoons.pdf Graphic file (type pdf)
<use Appendix_2_Poster/Poster_EliasMoons.pdf>
Package pdftex.def Info: Appendix_2_Poster/Poster_EliasMoons.pdf used on input 
line 4.
(pdftex.def)             Requested size: 1690.27069pt x 2393.21527pt.
File: Appendix_2_Poster/Poster_EliasMoons.pdf Graphic file (type pdf)

<use Appendix_2_Poster/Poster_EliasMoons.pdf>
Package pdftex.def Info: Appendix_2_Poster/Poster_EliasMoons.pdf used on input 
line 4.
(pdftex.def)             Requested size: 1690.27069pt x 2393.21527pt.

<Appendix_2_Poster/Poster_EliasMoons.pdf, id=1796, page=1, 1690.27481pt x 2393.
22108pt>
File: Appendix_2_Poster/Poster_EliasMoons.pdf Graphic file (type pdf)
 <use Appendix_2_Poster/Poster_EliasMoons.pdf, page 1>
Package pdftex.def Info: Appendix_2_Poster/Poster_EliasMoons.pdf, page1 used on
 input line 4.
(pdftex.def)             Requested size: 1690.27069pt x 2393.21527pt.
File: Appendix_2_Poster/Poster_EliasMoons.pdf Graphic file (type pdf)

<use Appendix_2_Poster/Poster_EliasMoons.pdf, page 1>
Package pdftex.def Info: Appendix_2_Poster/Poster_EliasMoons.pdf, page1 used on
 input line 4.
(pdftex.def)             Requested size: 596.86652pt x 845.08952pt.
 [91]
File: Appendix_2_Poster/Poster_EliasMoons.pdf Graphic file (type pdf)

<use Appendix_2_Poster/Poster_EliasMoons.pdf, page 1>
Package pdftex.def Info: Appendix_2_Poster/Poster_EliasMoons.pdf, page1 used on
 input line 4.
(pdftex.def)             Requested size: 596.86652pt x 845.08952pt.
File: Appendix_2_Poster/Poster_EliasMoons.pdf Graphic file (type pdf)

<use Appendix_2_Poster/Poster_EliasMoons.pdf, page 1>
Package pdftex.def Info: Appendix_2_Poster/Poster_EliasMoons.pdf, page1 used on
 input line 4.
(pdftex.def)             Requested size: 596.86652pt x 845.08952pt.
File: Appendix_2_Poster/Poster_EliasMoons.pdf Graphic file (type pdf)

<use Appendix_2_Poster/Poster_EliasMoons.pdf, page 1>
Package pdftex.def Info: Appendix_2_Poster/Poster_EliasMoons.pdf, page1 used on
 input line 4.
(pdftex.def)             Requested size: 596.86652pt x 845.08952pt.
 [92 <C:/Users/Elias/Documents/GitHub/Thesis/Tekst/Appendix_2_Poster/Poster_Eli
asMoons.pdf>])
(C:\Users\Elias\Documents\GitHub\Thesis\Tekst\masterproef.bbl
bibitemlist

Underfull \hbox (badness 10000) in paragraph at lines 28--31
[]\T1/lmr/m/n/10.95 (+20) M. Niel-sen.  Back-pro-pa-ga-tion.  URL: [][]$\T1/lmt
t/m/n/10.95 http : / /$
 []


Underfull \hbox (badness 10000) in paragraph at lines 64--68
$\T1/lmtt/m/n/10.95 / / www . topcoder . com / community / data-[]science / dat
a-[]science-[]tutorials /$
 []


Underfull \hbox (badness 10000) in paragraph at lines 70--74
$\T1/lmtt/m/n/10.95 eroberts / courses / soco / projects / neural-[]networks / 
Architecture /$
 []

) [93



] [94

]
\tf@toc=\write6
\tf@lof=\write7
\tf@lot=\write8
Package atveryend Info: Empty hook `BeforeClearDocument' on input line 148.
Package atveryend Info: Empty hook `AfterLastShipout' on input line 148.
 (C:\Users\Elias\Documents\GitHub\Thesis\Tekst\masterproef.aux
(C:\Users\Elias\Documents\GitHub\Thesis\Tekst\0_Inleiding/inleiding.aux)
(C:\Users\Elias\Documents\GitHub\Thesis\Tekst\1_Muzikale_Achtergrond/muzikale_a
chtergrond.aux)
(C:\Users\Elias\Documents\GitHub\Thesis\Tekst\2_Objectieve_Beoordeling/objectie
ve_beoordeling.aux)
(C:\Users\Elias\Documents\GitHub\Thesis\Tekst\3_Melodische_Transformatie/melodi
sche_transformatie.aux)
(C:\Users\Elias\Documents\GitHub\Thesis\Tekst\4_Efficient_Toepassen_Transformat
ie/efficient_toepassen_transformatie.aux)
(C:\Users\Elias\Documents\GitHub\Thesis\Tekst\5_Experimenten_Resultaten/experim
enten_resultaten.aux)
(C:\Users\Elias\Documents\GitHub\Thesis\Tekst\6_Besluit/besluit.aux)
(C:\Users\Elias\Documents\GitHub\Thesis\Tekst\Appendix_0_Broncode/broncode.aux)
(C:\Users\Elias\Documents\GitHub\Thesis\Tekst\Appendix_1_Paper/paper.aux)
(C:\Users\Elias\Documents\GitHub\Thesis\Tekst\Appendix_2_Poster/poster.aux))
Package atveryend Info: Executing hook `AtVeryEndDocument' on input line 148.
Package atveryend Info: Executing hook `AtEndAfterFileList' on input line 148.
Package rerunfilecheck Info: File `masterproef.out' has not changed.
(rerunfilecheck)             Checksum: AD9379B2A64C43CE166D7E2DC51B5CA2;2619.


LaTeX Warning: There were multiply-defined labels.

Package atveryend Info: Empty hook `AtVeryVeryEnd' on input line 148.
 ) 
Here is how much of TeX's memory you used:
 26663 strings out of 493921
 467540 string characters out of 3144877
 896663 words of memory out of 3000000
 28339 multiletter control sequences out of 15000+200000
 72469 words of font info for 115 fonts, out of 3000000 for 9000
 841 hyphenation exceptions out of 8191
 60i,18n,70p,1297b,2001s stack positions out of 5000i,500n,10000p,200000b,50000s
{C:/Program Files (x86)/MiKTeX 2.9/fonts/enc/dvips/lm/lm-ec.enc}{C:/Program F
iles (x86)/MiKTeX 2.9/fonts/enc/dvips/lm/lm-mathsy.enc}{C:/Program Files (x86)/
MiKTeX 2.9/fonts/enc/dvips/lm/lm-mathit.enc}{C:/Program Files (x86)/MiKTeX 2.9/
fonts/enc/dvips/lm/lm-mathex.enc}{C:/Program Files (x86)/MiKTeX 2.9/fonts/enc/d
vips/lm/lm-rm.enc}{C:/Program Files (x86)/MiKTeX 2.9/fonts/enc/dvips/fontname/8
r.enc}<C:/Program Files (x86)/MiKTeX 2.9/fonts/type1/public/amsfonts/cm/cmr10.p
fb><C:/Program Files (x86)/MiKTeX 2.9/fonts/type1/public/amsfonts/cm/cmsy10.pfb
><C:/Program Files (x86)/MiKTeX 2.9/fonts/type1/public/lm/lmbx10.pfb><C:/Progra
m Files (x86)/MiKTeX 2.9/fonts/type1/public/lm/lmbx12.pfb><C:/Program Files (x8
6)/MiKTeX 2.9/fonts/type1/public/lm/lmcsc10.pfb><C:/Program Files (x86)/MiKTeX 
2.9/fonts/type1/public/lm/lmex10.pfb><C:/Program Files (x86)/MiKTeX 2.9/fonts/t
ype1/public/lm/lmmi10.pfb><C:/Program Files (x86)/MiKTeX 2.9/fonts/type1/public
/lm/lmmi8.pfb><C:/Program Files (x86)/MiKTeX 2.9/fonts/type1/public/lm/lmr10.pf
b><C:/Program Files (x86)/MiKTeX 2.9/fonts/type1/public/lm/lmr12.pfb><C:/Progra
m Files (x86)/MiKTeX 2.9/fonts/type1/public/lm/lmr8.pfb><C:/Program Files (x86)
/MiKTeX 2.9/fonts/type1/public/lm/lmri10.pfb><C:/Program Files (x86)/MiKTeX 2.9
/fonts/type1/public/lm/lmsy10.pfb><C:/Program Files (x86)/MiKTeX 2.9/fonts/type
1/public/lm/lmsy8.pfb><C:/Program Files (x86)/MiKTeX 2.9/fonts/type1/public/lm/
lmtt10.pfb><C:/Program Files (x86)/MiKTeX 2.9/fonts/type1/urw/helvetic/uhvb8a.p
fb><C:/Program Files (x86)/MiKTeX 2.9/fonts/type1/urw/helvetic/uhvr8a.pfb><C:/P
rogram Files (x86)/MiKTeX 2.9/fonts/type1/urw/times/utmb8a.pfb><C:/Program File
s (x86)/MiKTeX 2.9/fonts/type1/urw/times/utmr8a.pfb><C:/Program Files (x86)/MiK
TeX 2.9/fonts/type1/urw/times/utmri8a.pfb><C:/Program Files (x86)/MiKTeX 2.9/fo
nts/type1/urw/zapfchan/uzcmi8a.pfb>
Output written on masterproef.pdf (104 pages, 1425916 bytes).
PDF statistics:
 2116 PDF objects out of 2487 (max. 8388607)
 917 named destinations out of 1000 (max. 500000)
 18967 words of extra memory for PDF output out of 20736 (max. 10000000)

