\BOOKMARK [0][-]{chapter*.1}{Voorwoord}{}% 1
\BOOKMARK [0][-]{chapter*.2}{Samenvatting}{}% 2
\BOOKMARK [0][-]{chapter*.3}{Lijst van figuren en tabellen}{}% 3
\BOOKMARK [0][-]{chapter.1}{Inleiding}{}% 4
\BOOKMARK [1][-]{section.1.1}{Probleemstelling}{chapter.1}% 5
\BOOKMARK [1][-]{section.1.2}{Vergelijking met voorgaand onderzoek}{chapter.1}% 6
\BOOKMARK [1][-]{section.1.3}{Doelstelling}{chapter.1}% 7
\BOOKMARK [1][-]{section.1.4}{Assumpties en beperkingen}{chapter.1}% 8
\BOOKMARK [1][-]{section.1.5}{Overzicht van de tekst}{chapter.1}% 9
\BOOKMARK [0][-]{chapter.2}{Muzikale Achtergrond}{}% 10
\BOOKMARK [1][-]{section.2.1}{Ritme}{chapter.2}% 11
\BOOKMARK [1][-]{section.2.2}{Melodie}{chapter.2}% 12
\BOOKMARK [0][-]{chapter.3}{Objectieve Beoordeling van een Muziekstuk}{}% 13
\BOOKMARK [1][-]{section.3.1}{Neuraal Netwerk}{chapter.3}% 14
\BOOKMARK [1][-]{section.3.2}{Keuze tussen Polyfone en Monofone Muziek}{chapter.3}% 15
\BOOKMARK [1][-]{section.3.3}{RPK-Model}{chapter.3}% 16
\BOOKMARK [0][-]{chapter.4}{Melodische Transformatie}{}% 17
\BOOKMARK [1][-]{section.4.1}{Inleiding}{chapter.4}% 18
\BOOKMARK [1][-]{section.4.2}{Afbeelding afhankelijk van positie}{chapter.4}% 19
\BOOKMARK [1][-]{section.4.3}{Afbeelding afhankelijk van afstand ten opzichte van vorige noot}{chapter.4}% 20
\BOOKMARK [0][-]{chapter.5}{Transformaties Combineren}{}% 21
\BOOKMARK [1][-]{section.5.1}{Beste sequentie}{chapter.5}% 22
\BOOKMARK [1][-]{section.5.2}{Beste sequentie met minimum transformatie lengte}{chapter.5}% 23
\BOOKMARK [0][-]{chapter.6}{Experimenten en Resultaten}{}% 24
\BOOKMARK [1][-]{section.6.1}{Vergelijking van de twee melodische transformaties}{chapter.6}% 25
\BOOKMARK [1][-]{section.6.2}{Vergelijking Fibonacci transformatie met gemiddelde transformatie}{chapter.6}% 26
\BOOKMARK [1][-]{section.6.3}{Transformaties combineren: 1 transformatie, meerdere iteraties}{chapter.6}% 27
\BOOKMARK [1][-]{section.6.4}{Transformaties combineren: meerdere transformaties, 1 iteratie}{chapter.6}% 28
\BOOKMARK [1][-]{section.6.5}{Transformaties combineren: minimum transformatie lengte}{chapter.6}% 29
\BOOKMARK [1][-]{section.6.6}{Transformaties combineren: Gelijkheid algoritmen voor transformatie lengte 1}{chapter.6}% 30
\BOOKMARK [1][-]{section.6.7}{Test Performantie algoritmes}{chapter.6}% 31
\BOOKMARK [0][-]{chapter.7}{Besluit}{}% 32
\BOOKMARK [1][-]{section.7.1}{Eerste onderwerp in dit hoofdstuk}{chapter.7}% 33
\BOOKMARK [1][-]{section.7.2}{Figuren}{chapter.7}% 34
\BOOKMARK [1][-]{section.7.3}{Tabellen}{chapter.7}% 35
\BOOKMARK [1][-]{section.7.4}{Besluit van dit hoofdstuk}{chapter.7}% 36
\BOOKMARK [0][-]{appendix.A}{Broncode}{}% 37
\BOOKMARK [1][-]{section.A.1}{Neuraal Netwerk Trainer}{appendix.A}% 38
\BOOKMARK [1][-]{section.A.2}{RPK-Model}{appendix.A}% 39
\BOOKMARK [1][-]{section.A.3}{Beste sequentie}{appendix.A}% 40
\BOOKMARK [1][-]{section.A.4}{Beste sequentie met minimum transformatie lengte}{appendix.A}% 41
\BOOKMARK [0][-]{appendix.B}{IEEE\137Paper}{}% 42
\BOOKMARK [0][-]{appendix.C}{Poster}{}% 43
\BOOKMARK [0][-]{section*.25}{Bibliografie}{}% 44
